mode: set
github.com/MikeAustin71/datetimeopsgo/datetime/formatdatetimeutility.go:179.74,186.17 5 1
github.com/MikeAustin71/datetimeopsgo/datetime/formatdatetimeutility.go:194.2,199.8 4 1
github.com/MikeAustin71/datetimeopsgo/datetime/formatdatetimeutility.go:186.17,192.3 3 0
github.com/MikeAustin71/datetimeopsgo/datetime/formatdatetimeutility.go:210.63,220.16 7 0
github.com/MikeAustin71/datetimeopsgo/datetime/formatdatetimeutility.go:224.2,235.21 9 0
github.com/MikeAustin71/datetimeopsgo/datetime/formatdatetimeutility.go:335.2,344.16 5 0
github.com/MikeAustin71/datetimeopsgo/datetime/formatdatetimeutility.go:351.2,355.19 3 0
github.com/MikeAustin71/datetimeopsgo/datetime/formatdatetimeutility.go:220.16,222.3 1 0
github.com/MikeAustin71/datetimeopsgo/datetime/formatdatetimeutility.go:235.21,239.17 2 0
github.com/MikeAustin71/datetimeopsgo/datetime/formatdatetimeutility.go:243.3,248.21 3 0
github.com/MikeAustin71/datetimeopsgo/datetime/formatdatetimeutility.go:239.17,241.4 1 0
github.com/MikeAustin71/datetimeopsgo/datetime/formatdatetimeutility.go:248.21,250.21 1 0
github.com/MikeAustin71/datetimeopsgo/datetime/formatdatetimeutility.go:256.4,256.39 1 0
github.com/MikeAustin71/datetimeopsgo/datetime/formatdatetimeutility.go:274.4,276.36 2 0
github.com/MikeAustin71/datetimeopsgo/datetime/formatdatetimeutility.go:281.4,283.44 2 0
github.com/MikeAustin71/datetimeopsgo/datetime/formatdatetimeutility.go:289.4,293.18 3 0
github.com/MikeAustin71/datetimeopsgo/datetime/formatdatetimeutility.go:300.4,302.36 2 0
github.com/MikeAustin71/datetimeopsgo/datetime/formatdatetimeutility.go:309.4,311.68 2 0
github.com/MikeAustin71/datetimeopsgo/datetime/formatdatetimeutility.go:315.4,318.34 2 0
github.com/MikeAustin71/datetimeopsgo/datetime/formatdatetimeutility.go:323.4,323.40 1 0
github.com/MikeAustin71/datetimeopsgo/datetime/formatdatetimeutility.go:329.4,329.24 1 0
github.com/MikeAustin71/datetimeopsgo/datetime/formatdatetimeutility.go:250.21,252.5 1 0
github.com/MikeAustin71/datetimeopsgo/datetime/formatdatetimeutility.go:252.10,254.5 1 0
github.com/MikeAustin71/datetimeopsgo/datetime/formatdatetimeutility.go:256.39,258.26 1 0
github.com/MikeAustin71/datetimeopsgo/datetime/formatdatetimeutility.go:263.5,265.24 2 0
github.com/MikeAustin71/datetimeopsgo/datetime/formatdatetimeutility.go:258.26,260.11 2 0
github.com/MikeAustin71/datetimeopsgo/datetime/formatdatetimeutility.go:265.24,268.6 2 0
github.com/MikeAustin71/datetimeopsgo/datetime/formatdatetimeutility.go:276.36,278.10 2 0
github.com/MikeAustin71/datetimeopsgo/datetime/formatdatetimeutility.go:283.44,287.5 1 0
github.com/MikeAustin71/datetimeopsgo/datetime/formatdatetimeutility.go:293.18,298.5 2 0
github.com/MikeAustin71/datetimeopsgo/datetime/formatdatetimeutility.go:302.36,307.5 2 0
github.com/MikeAustin71/datetimeopsgo/datetime/formatdatetimeutility.go:311.68,313.5 1 0
github.com/MikeAustin71/datetimeopsgo/datetime/formatdatetimeutility.go:318.34,321.5 2 0
github.com/MikeAustin71/datetimeopsgo/datetime/formatdatetimeutility.go:323.40,327.5 3 0
github.com/MikeAustin71/datetimeopsgo/datetime/formatdatetimeutility.go:329.24,330.10 1 0
github.com/MikeAustin71/datetimeopsgo/datetime/formatdatetimeutility.go:344.16,349.3 2 0
github.com/MikeAustin71/datetimeopsgo/datetime/formatdatetimeutility.go:366.131,375.15 5 0
github.com/MikeAustin71/datetimeopsgo/datetime/formatdatetimeutility.go:381.2,383.16 2 0
github.com/MikeAustin71/datetimeopsgo/datetime/formatdatetimeutility.go:390.2,391.31 2 0
github.com/MikeAustin71/datetimeopsgo/datetime/formatdatetimeutility.go:395.2,397.25 2 0
github.com/MikeAustin71/datetimeopsgo/datetime/formatdatetimeutility.go:414.2,416.16 2 0
github.com/MikeAustin71/datetimeopsgo/datetime/formatdatetimeutility.go:423.2,429.16 4 0
github.com/MikeAustin71/datetimeopsgo/datetime/formatdatetimeutility.go:437.2,443.16 4 0
github.com/MikeAustin71/datetimeopsgo/datetime/formatdatetimeutility.go:450.2,450.19 1 0
github.com/MikeAustin71/datetimeopsgo/datetime/formatdatetimeutility.go:375.15,379.3 1 0
github.com/MikeAustin71/datetimeopsgo/datetime/formatdatetimeutility.go:383.16,388.3 1 0
github.com/MikeAustin71/datetimeopsgo/datetime/formatdatetimeutility.go:391.31,393.3 1 0
github.com/MikeAustin71/datetimeopsgo/datetime/formatdatetimeutility.go:397.25,401.40 2 0
github.com/MikeAustin71/datetimeopsgo/datetime/formatdatetimeutility.go:401.40,405.18 3 0
github.com/MikeAustin71/datetimeopsgo/datetime/formatdatetimeutility.go:405.18,410.5 2 0
github.com/MikeAustin71/datetimeopsgo/datetime/formatdatetimeutility.go:416.16,421.3 2 0
github.com/MikeAustin71/datetimeopsgo/datetime/formatdatetimeutility.go:429.16,435.3 2 0
github.com/MikeAustin71/datetimeopsgo/datetime/formatdatetimeutility.go:443.16,448.3 1 0
github.com/MikeAustin71/datetimeopsgo/datetime/formatdatetimeutility.go:462.68,471.15 6 0
github.com/MikeAustin71/datetimeopsgo/datetime/formatdatetimeutility.go:478.2,480.16 2 0
github.com/MikeAustin71/datetimeopsgo/datetime/formatdatetimeutility.go:485.2,486.31 2 0
github.com/MikeAustin71/datetimeopsgo/datetime/formatdatetimeutility.go:490.2,497.16 6 0
github.com/MikeAustin71/datetimeopsgo/datetime/formatdatetimeutility.go:504.2,504.25 1 0
github.com/MikeAustin71/datetimeopsgo/datetime/formatdatetimeutility.go:520.2,524.16 4 0
github.com/MikeAustin71/datetimeopsgo/datetime/formatdatetimeutility.go:530.2,536.16 5 0
github.com/MikeAustin71/datetimeopsgo/datetime/formatdatetimeutility.go:541.2,541.23 1 0
github.com/MikeAustin71/datetimeopsgo/datetime/formatdatetimeutility.go:471.15,476.3 1 0
github.com/MikeAustin71/datetimeopsgo/datetime/formatdatetimeutility.go:480.16,483.3 1 0
github.com/MikeAustin71/datetimeopsgo/datetime/formatdatetimeutility.go:486.31,488.3 1 0
github.com/MikeAustin71/datetimeopsgo/datetime/formatdatetimeutility.go:497.16,502.3 2 0
github.com/MikeAustin71/datetimeopsgo/datetime/formatdatetimeutility.go:504.25,512.17 5 0
github.com/MikeAustin71/datetimeopsgo/datetime/formatdatetimeutility.go:512.17,516.4 2 0
github.com/MikeAustin71/datetimeopsgo/datetime/formatdatetimeutility.go:524.16,528.3 2 0
github.com/MikeAustin71/datetimeopsgo/datetime/formatdatetimeutility.go:536.16,539.3 1 0
github.com/MikeAustin71/datetimeopsgo/datetime/formatdatetimeutility.go:546.43,556.2 8 1
github.com/MikeAustin71/datetimeopsgo/datetime/formatdatetimeutility.go:565.117,569.23 2 1
github.com/MikeAustin71/datetimeopsgo/datetime/formatdatetimeutility.go:573.2,582.16 7 1
github.com/MikeAustin71/datetimeopsgo/datetime/formatdatetimeutility.go:586.2,586.26 1 1
github.com/MikeAustin71/datetimeopsgo/datetime/formatdatetimeutility.go:604.2,604.29 1 1
github.com/MikeAustin71/datetimeopsgo/datetime/formatdatetimeutility.go:622.2,655.18 9 1
github.com/MikeAustin71/datetimeopsgo/datetime/formatdatetimeutility.go:659.2,660.37 2 1
github.com/MikeAustin71/datetimeopsgo/datetime/formatdatetimeutility.go:673.2,673.26 1 1
github.com/MikeAustin71/datetimeopsgo/datetime/formatdatetimeutility.go:677.2,677.40 1 1
github.com/MikeAustin71/datetimeopsgo/datetime/formatdatetimeutility.go:685.2,686.64 1 0
github.com/MikeAustin71/datetimeopsgo/datetime/formatdatetimeutility.go:569.23,571.3 1 0
github.com/MikeAustin71/datetimeopsgo/datetime/formatdatetimeutility.go:582.16,584.3 1 0
github.com/MikeAustin71/datetimeopsgo/datetime/formatdatetimeutility.go:586.26,589.17 2 0
github.com/MikeAustin71/datetimeopsgo/datetime/formatdatetimeutility.go:589.17,600.4 9 0
github.com/MikeAustin71/datetimeopsgo/datetime/formatdatetimeutility.go:604.29,608.17 2 0
github.com/MikeAustin71/datetimeopsgo/datetime/formatdatetimeutility.go:614.3,614.30 1 0
github.com/MikeAustin71/datetimeopsgo/datetime/formatdatetimeutility.go:608.17,612.4 1 0
github.com/MikeAustin71/datetimeopsgo/datetime/formatdatetimeutility.go:614.30,618.4 1 0
github.com/MikeAustin71/datetimeopsgo/datetime/formatdatetimeutility.go:655.18,657.3 1 1
github.com/MikeAustin71/datetimeopsgo/datetime/formatdatetimeutility.go:660.37,662.40 1 1
github.com/MikeAustin71/datetimeopsgo/datetime/formatdatetimeutility.go:666.3,666.28 1 1
github.com/MikeAustin71/datetimeopsgo/datetime/formatdatetimeutility.go:662.40,664.4 1 1
github.com/MikeAustin71/datetimeopsgo/datetime/formatdatetimeutility.go:666.28,669.4 2 1
github.com/MikeAustin71/datetimeopsgo/datetime/formatdatetimeutility.go:673.26,675.3 1 1
github.com/MikeAustin71/datetimeopsgo/datetime/formatdatetimeutility.go:677.40,679.47 1 1
github.com/MikeAustin71/datetimeopsgo/datetime/formatdatetimeutility.go:679.47,681.4 1 1
github.com/MikeAustin71/datetimeopsgo/datetime/formatdatetimeutility.go:689.84,697.35 5 1
github.com/MikeAustin71/datetimeopsgo/datetime/formatdatetimeutility.go:703.2,705.21 2 1
github.com/MikeAustin71/datetimeopsgo/datetime/formatdatetimeutility.go:728.2,728.26 1 1
github.com/MikeAustin71/datetimeopsgo/datetime/formatdatetimeutility.go:697.35,701.3 1 1
github.com/MikeAustin71/datetimeopsgo/datetime/formatdatetimeutility.go:705.21,708.25 2 1
github.com/MikeAustin71/datetimeopsgo/datetime/formatdatetimeutility.go:713.3,717.43 3 1
github.com/MikeAustin71/datetimeopsgo/datetime/formatdatetimeutility.go:708.25,711.4 2 1
github.com/MikeAustin71/datetimeopsgo/datetime/formatdatetimeutility.go:717.43,724.4 5 1
github.com/MikeAustin71/datetimeopsgo/datetime/formatdatetimeutility.go:732.93,741.26 5 1
github.com/MikeAustin71/datetimeopsgo/datetime/formatdatetimeutility.go:766.2,767.8 2 1
github.com/MikeAustin71/datetimeopsgo/datetime/formatdatetimeutility.go:741.26,749.19 4 1
github.com/MikeAustin71/datetimeopsgo/datetime/formatdatetimeutility.go:754.3,754.17 1 1
github.com/MikeAustin71/datetimeopsgo/datetime/formatdatetimeutility.go:749.19,752.4 2 1
github.com/MikeAustin71/datetimeopsgo/datetime/formatdatetimeutility.go:754.17,762.4 7 1
github.com/MikeAustin71/datetimeopsgo/datetime/formatdatetimeutility.go:771.63,781.33 6 0
github.com/MikeAustin71/datetimeopsgo/datetime/formatdatetimeutility.go:798.2,798.12 1 0
github.com/MikeAustin71/datetimeopsgo/datetime/formatdatetimeutility.go:781.33,782.47 1 0
github.com/MikeAustin71/datetimeopsgo/datetime/formatdatetimeutility.go:782.47,784.43 1 0
github.com/MikeAustin71/datetimeopsgo/datetime/formatdatetimeutility.go:784.43,786.36 1 0
github.com/MikeAustin71/datetimeopsgo/datetime/formatdatetimeutility.go:786.36,789.6 2 0
github.com/MikeAustin71/datetimeopsgo/datetime/formatdatetimeutility.go:789.11,789.43 1 0
github.com/MikeAustin71/datetimeopsgo/datetime/formatdatetimeutility.go:789.43,791.6 1 0
github.com/MikeAustin71/datetimeopsgo/datetime/formatdatetimeutility.go:791.11,791.43 1 0
github.com/MikeAustin71/datetimeopsgo/datetime/formatdatetimeutility.go:791.43,793.6 1 0
github.com/MikeAustin71/datetimeopsgo/datetime/formatdatetimeutility.go:801.66,821.33 10 1
github.com/MikeAustin71/datetimeopsgo/datetime/formatdatetimeutility.go:856.2,856.12 1 1
github.com/MikeAustin71/datetimeopsgo/datetime/formatdatetimeutility.go:821.33,822.47 1 1
github.com/MikeAustin71/datetimeopsgo/datetime/formatdatetimeutility.go:822.47,823.44 1 1
github.com/MikeAustin71/datetimeopsgo/datetime/formatdatetimeutility.go:823.44,824.46 1 1
github.com/MikeAustin71/datetimeopsgo/datetime/formatdatetimeutility.go:824.46,825.33 1 1
github.com/MikeAustin71/datetimeopsgo/datetime/formatdatetimeutility.go:825.33,826.51 1 1
github.com/MikeAustin71/datetimeopsgo/datetime/formatdatetimeutility.go:826.51,827.42 1 1
github.com/MikeAustin71/datetimeopsgo/datetime/formatdatetimeutility.go:827.42,828.45 1 1
github.com/MikeAustin71/datetimeopsgo/datetime/formatdatetimeutility.go:828.45,829.43 1 1
github.com/MikeAustin71/datetimeopsgo/datetime/formatdatetimeutility.go:829.43,843.11 2 1
github.com/MikeAustin71/datetimeopsgo/datetime/formatdatetimeutility.go:859.78,881.33 11 0
github.com/MikeAustin71/datetimeopsgo/datetime/formatdatetimeutility.go:921.2,921.12 1 0
github.com/MikeAustin71/datetimeopsgo/datetime/formatdatetimeutility.go:881.33,882.47 1 0
github.com/MikeAustin71/datetimeopsgo/datetime/formatdatetimeutility.go:882.47,883.42 1 0
github.com/MikeAustin71/datetimeopsgo/datetime/formatdatetimeutility.go:883.42,884.64 1 0
github.com/MikeAustin71/datetimeopsgo/datetime/formatdatetimeutility.go:884.64,885.33 1 0
github.com/MikeAustin71/datetimeopsgo/datetime/formatdatetimeutility.go:885.33,886.51 1 0
github.com/MikeAustin71/datetimeopsgo/datetime/formatdatetimeutility.go:886.51,887.42 1 0
github.com/MikeAustin71/datetimeopsgo/datetime/formatdatetimeutility.go:887.42,888.45 1 0
github.com/MikeAustin71/datetimeopsgo/datetime/formatdatetimeutility.go:888.45,889.43 1 0
github.com/MikeAustin71/datetimeopsgo/datetime/formatdatetimeutility.go:889.43,890.48 1 0
github.com/MikeAustin71/datetimeopsgo/datetime/formatdatetimeutility.go:890.48,907.12 2 0
github.com/MikeAustin71/datetimeopsgo/datetime/formatdatetimeutility.go:924.102,930.28 3 1
github.com/MikeAustin71/datetimeopsgo/datetime/formatdatetimeutility.go:934.2,934.28 1 1
github.com/MikeAustin71/datetimeopsgo/datetime/formatdatetimeutility.go:938.2,938.29 1 1
github.com/MikeAustin71/datetimeopsgo/datetime/formatdatetimeutility.go:947.2,947.30 1 1
github.com/MikeAustin71/datetimeopsgo/datetime/formatdatetimeutility.go:956.2,960.28 2 1
github.com/MikeAustin71/datetimeopsgo/datetime/formatdatetimeutility.go:966.2,968.28 1 1
github.com/MikeAustin71/datetimeopsgo/datetime/formatdatetimeutility.go:974.2,974.18 1 1
github.com/MikeAustin71/datetimeopsgo/datetime/formatdatetimeutility.go:981.2,984.30 1 1
github.com/MikeAustin71/datetimeopsgo/datetime/formatdatetimeutility.go:992.2,992.19 1 1
github.com/MikeAustin71/datetimeopsgo/datetime/formatdatetimeutility.go:996.2,996.8 1 1
github.com/MikeAustin71/datetimeopsgo/datetime/formatdatetimeutility.go:930.28,932.3 1 1
github.com/MikeAustin71/datetimeopsgo/datetime/formatdatetimeutility.go:934.28,936.3 1 1
github.com/MikeAustin71/datetimeopsgo/datetime/formatdatetimeutility.go:938.29,939.19 1 1
github.com/MikeAustin71/datetimeopsgo/datetime/formatdatetimeutility.go:939.19,941.4 1 1
github.com/MikeAustin71/datetimeopsgo/datetime/formatdatetimeutility.go:941.9,944.4 2 1
github.com/MikeAustin71/datetimeopsgo/datetime/formatdatetimeutility.go:947.30,948.19 1 1
github.com/MikeAustin71/datetimeopsgo/datetime/formatdatetimeutility.go:948.19,950.4 1 1
github.com/MikeAustin71/datetimeopsgo/datetime/formatdatetimeutility.go:950.9,953.4 2 1
github.com/MikeAustin71/datetimeopsgo/datetime/formatdatetimeutility.go:960.28,964.3 2 1
github.com/MikeAustin71/datetimeopsgo/datetime/formatdatetimeutility.go:968.28,972.3 2 1
github.com/MikeAustin71/datetimeopsgo/datetime/formatdatetimeutility.go:974.18,976.3 1 1
github.com/MikeAustin71/datetimeopsgo/datetime/formatdatetimeutility.go:984.30,990.3 4 1
github.com/MikeAustin71/datetimeopsgo/datetime/formatdatetimeutility.go:992.19,994.3 1 1
github.com/MikeAustin71/datetimeopsgo/datetime/formatdatetimeutility.go:1000.63,1004.33 2 1
github.com/MikeAustin71/datetimeopsgo/datetime/formatdatetimeutility.go:1004.33,1008.3 1 1
github.com/MikeAustin71/datetimeopsgo/datetime/formatdatetimeutility.go:1012.61,1015.32 2 1
github.com/MikeAustin71/datetimeopsgo/datetime/formatdatetimeutility.go:1015.32,1017.3 1 1
github.com/MikeAustin71/datetimeopsgo/datetime/formatdatetimeutility.go:1020.102,1025.28 3 0
github.com/MikeAustin71/datetimeopsgo/datetime/formatdatetimeutility.go:1029.2,1029.25 1 0
github.com/MikeAustin71/datetimeopsgo/datetime/formatdatetimeutility.go:1038.2,1038.30 1 0
github.com/MikeAustin71/datetimeopsgo/datetime/formatdatetimeutility.go:1047.2,1051.28 2 0
github.com/MikeAustin71/datetimeopsgo/datetime/formatdatetimeutility.go:1057.2,1059.28 1 0
github.com/MikeAustin71/datetimeopsgo/datetime/formatdatetimeutility.go:1064.2,1064.18 1 0
github.com/MikeAustin71/datetimeopsgo/datetime/formatdatetimeutility.go:1071.2,1073.28 1 0
github.com/MikeAustin71/datetimeopsgo/datetime/formatdatetimeutility.go:1078.2,1080.28 1 0
github.com/MikeAustin71/datetimeopsgo/datetime/formatdatetimeutility.go:1086.2,1086.19 1 0
github.com/MikeAustin71/datetimeopsgo/datetime/formatdatetimeutility.go:1090.2,1090.8 1 0
github.com/MikeAustin71/datetimeopsgo/datetime/formatdatetimeutility.go:1025.28,1027.3 1 0
github.com/MikeAustin71/datetimeopsgo/datetime/formatdatetimeutility.go:1029.25,1030.19 1 0
github.com/MikeAustin71/datetimeopsgo/datetime/formatdatetimeutility.go:1030.19,1032.4 1 0
github.com/MikeAustin71/datetimeopsgo/datetime/formatdatetimeutility.go:1032.9,1035.4 2 0
github.com/MikeAustin71/datetimeopsgo/datetime/formatdatetimeutility.go:1038.30,1039.19 1 0
github.com/MikeAustin71/datetimeopsgo/datetime/formatdatetimeutility.go:1039.19,1041.4 1 0
github.com/MikeAustin71/datetimeopsgo/datetime/formatdatetimeutility.go:1041.9,1044.4 2 0
github.com/MikeAustin71/datetimeopsgo/datetime/formatdatetimeutility.go:1051.28,1055.3 2 0
github.com/MikeAustin71/datetimeopsgo/datetime/formatdatetimeutility.go:1059.28,1062.3 2 0
github.com/MikeAustin71/datetimeopsgo/datetime/formatdatetimeutility.go:1064.18,1066.3 1 0
github.com/MikeAustin71/datetimeopsgo/datetime/formatdatetimeutility.go:1073.28,1076.3 2 0
github.com/MikeAustin71/datetimeopsgo/datetime/formatdatetimeutility.go:1080.28,1084.3 2 0
github.com/MikeAustin71/datetimeopsgo/datetime/formatdatetimeutility.go:1086.19,1088.3 1 0
github.com/MikeAustin71/datetimeopsgo/datetime/formatdatetimeutility.go:1093.71,1097.12 2 1
github.com/MikeAustin71/datetimeopsgo/datetime/formatdatetimeutility.go:1101.2,1101.29 1 1
github.com/MikeAustin71/datetimeopsgo/datetime/formatdatetimeutility.go:1105.2,1105.35 1 1
github.com/MikeAustin71/datetimeopsgo/datetime/formatdatetimeutility.go:1109.2,1110.29 2 1
github.com/MikeAustin71/datetimeopsgo/datetime/formatdatetimeutility.go:1097.12,1099.3 1 0
github.com/MikeAustin71/datetimeopsgo/datetime/formatdatetimeutility.go:1101.29,1103.3 1 1
github.com/MikeAustin71/datetimeopsgo/datetime/formatdatetimeutility.go:1105.35,1107.3 1 1
github.com/MikeAustin71/datetimeopsgo/datetime/formatdatetimeutility.go:1113.76,1121.2 5 1
github.com/MikeAustin71/datetimeopsgo/datetime/formatdatetimeutility.go:1123.77,1132.2 6 1
github.com/MikeAustin71/datetimeopsgo/datetime/formatdatetimeutility.go:1134.79,1182.2 35 1
github.com/MikeAustin71/datetimeopsgo/datetime/formatdatetimeutility.go:1184.75,1208.2 18 0
github.com/MikeAustin71/datetimeopsgo/datetime/formatdatetimeutility.go:1210.64,1218.2 5 0
github.com/MikeAustin71/datetimeopsgo/datetime/formatdatetimeutility.go:1220.80,1231.2 7 0
github.com/MikeAustin71/datetimeopsgo/datetime/formatdatetimeutility.go:1233.77,1240.2 4 0
github.com/MikeAustin71/datetimeopsgo/datetime/formatdatetimeutility.go:1242.77,1251.2 6 1
github.com/MikeAustin71/datetimeopsgo/datetime/formatdatetimeutility.go:1253.71,1271.2 13 1
github.com/MikeAustin71/datetimeopsgo/datetime/formatdatetimeutility.go:1273.70,1285.2 9 1
github.com/MikeAustin71/datetimeopsgo/datetime/formatdatetimeutility.go:1287.79,1295.2 5 1
github.com/MikeAustin71/datetimeopsgo/datetime/formatdatetimeutility.go:1297.75,1306.2 6 1
github.com/MikeAustin71/datetimeopsgo/datetime/formatdatetimeutility.go:1308.77,1316.2 5 1
github.com/MikeAustin71/datetimeopsgo/datetime/formatdatetimeutility.go:1318.67,1339.2 17 1
github.com/MikeAustin71/datetimeopsgo/datetime/formatdatetimeutility.go:1341.59,1380.2 28 1
github.com/MikeAustin71/datetimeopsgo/datetime/formatdatetimeutility.go:1382.74,1401.2 16 1
github.com/MikeAustin71/datetimeopsgo/datetime/formatdatetimeutility.go:1403.66,1441.2 14 1
github.com/MikeAustin71/datetimeopsgo/datetime/formatdatetimeutility.go:1443.107,1447.27 2 1
github.com/MikeAustin71/datetimeopsgo/datetime/formatdatetimeutility.go:1485.2,1485.18 1 1
github.com/MikeAustin71/datetimeopsgo/datetime/formatdatetimeutility.go:1447.27,1452.17 3 1
github.com/MikeAustin71/datetimeopsgo/datetime/formatdatetimeutility.go:1456.3,1466.35 6 1
github.com/MikeAustin71/datetimeopsgo/datetime/formatdatetimeutility.go:1481.3,1481.61 1 1
github.com/MikeAustin71/datetimeopsgo/datetime/formatdatetimeutility.go:1452.17,1453.12 1 1
github.com/MikeAustin71/datetimeopsgo/datetime/formatdatetimeutility.go:1466.35,1470.18 2 1
github.com/MikeAustin71/datetimeopsgo/datetime/formatdatetimeutility.go:1474.4,1474.13 1 1
github.com/MikeAustin71/datetimeopsgo/datetime/formatdatetimeutility.go:1478.4,1478.41 1 1
github.com/MikeAustin71/datetimeopsgo/datetime/formatdatetimeutility.go:1470.18,1471.120 1 0
github.com/MikeAustin71/datetimeopsgo/datetime/formatdatetimeutility.go:1474.13,1476.5 1 1
github.com/MikeAustin71/datetimeopsgo/datetime/formatdatetimeutility.go:1488.112,1492.27 2 1
github.com/MikeAustin71/datetimeopsgo/datetime/formatdatetimeutility.go:1505.2,1505.18 1 1
github.com/MikeAustin71/datetimeopsgo/datetime/formatdatetimeutility.go:1492.27,1493.55 1 1
github.com/MikeAustin71/datetimeopsgo/datetime/formatdatetimeutility.go:1493.55,1496.18 2 1
github.com/MikeAustin71/datetimeopsgo/datetime/formatdatetimeutility.go:1500.4,1500.95 1 1
github.com/MikeAustin71/datetimeopsgo/datetime/formatdatetimeutility.go:1496.18,1498.5 1 0
github.com/MikeAustin71/datetimeopsgo/datetime/formatdatetimeutility.go:1508.72,1516.26 5 1
github.com/MikeAustin71/datetimeopsgo/datetime/formatdatetimeutility.go:1539.2,1539.18 1 1
github.com/MikeAustin71/datetimeopsgo/datetime/formatdatetimeutility.go:1516.26,1519.17 2 1
github.com/MikeAustin71/datetimeopsgo/datetime/formatdatetimeutility.go:1523.3,1527.17 3 1
github.com/MikeAustin71/datetimeopsgo/datetime/formatdatetimeutility.go:1533.3,1535.60 2 1
github.com/MikeAustin71/datetimeopsgo/datetime/formatdatetimeutility.go:1519.17,1520.110 1 0
github.com/MikeAustin71/datetimeopsgo/datetime/formatdatetimeutility.go:1527.17,1528.12 1 1
github.com/MikeAustin71/datetimeopsgo/datetime/formatdatetimeutility.go:1542.84,1553.26 7 1
github.com/MikeAustin71/datetimeopsgo/datetime/formatdatetimeutility.go:1576.2,1576.18 1 1
github.com/MikeAustin71/datetimeopsgo/datetime/formatdatetimeutility.go:1553.26,1556.17 2 1
github.com/MikeAustin71/datetimeopsgo/datetime/formatdatetimeutility.go:1560.3,1564.17 3 1
github.com/MikeAustin71/datetimeopsgo/datetime/formatdatetimeutility.go:1570.3,1572.60 2 1
github.com/MikeAustin71/datetimeopsgo/datetime/formatdatetimeutility.go:1556.17,1557.122 1 0
github.com/MikeAustin71/datetimeopsgo/datetime/formatdatetimeutility.go:1564.17,1565.12 1 1
github.com/MikeAustin71/datetimeopsgo/datetime/formatdatetimeutility.go:1583.109,1585.21 1 1
github.com/MikeAustin71/datetimeopsgo/datetime/formatdatetimeutility.go:1590.2,1597.37 7 1
github.com/MikeAustin71/datetimeopsgo/datetime/formatdatetimeutility.go:1616.2,1616.25 1 1
github.com/MikeAustin71/datetimeopsgo/datetime/formatdatetimeutility.go:1620.2,1620.32 1 1
github.com/MikeAustin71/datetimeopsgo/datetime/formatdatetimeutility.go:1624.2,1626.20 2 1
github.com/MikeAustin71/datetimeopsgo/datetime/formatdatetimeutility.go:1585.21,1588.3 2 0
github.com/MikeAustin71/datetimeopsgo/datetime/formatdatetimeutility.go:1597.37,1599.45 1 1
github.com/MikeAustin71/datetimeopsgo/datetime/formatdatetimeutility.go:1603.3,1603.60 1 1
github.com/MikeAustin71/datetimeopsgo/datetime/formatdatetimeutility.go:1607.3,1607.36 1 1
github.com/MikeAustin71/datetimeopsgo/datetime/formatdatetimeutility.go:1611.3,1613.8 3 1
github.com/MikeAustin71/datetimeopsgo/datetime/formatdatetimeutility.go:1599.45,1600.12 1 1
github.com/MikeAustin71/datetimeopsgo/datetime/formatdatetimeutility.go:1603.60,1604.12 1 1
github.com/MikeAustin71/datetimeopsgo/datetime/formatdatetimeutility.go:1607.36,1608.12 1 0
github.com/MikeAustin71/datetimeopsgo/datetime/formatdatetimeutility.go:1616.25,1618.3 1 1
github.com/MikeAustin71/datetimeopsgo/datetime/formatdatetimeutility.go:1620.32,1622.3 1 0
github.com/MikeAustin71/datetimeopsgo/datetime/militarydatetzdto.go:131.72,137.34 4 0
github.com/MikeAustin71/datetimeopsgo/datetime/militarydatetzdto.go:145.2,146.54 2 0
github.com/MikeAustin71/datetimeopsgo/datetime/militarydatetzdto.go:137.34,140.3 2 0
github.com/MikeAustin71/datetimeopsgo/datetime/militarydatetzdto.go:140.8,143.3 2 0
github.com/MikeAustin71/datetimeopsgo/datetime/militarydatetzdto.go:196.64,210.2 10 0
github.com/MikeAustin71/datetimeopsgo/datetime/militarydatetzdto.go:215.44,227.2 9 0
github.com/MikeAustin71/datetimeopsgo/datetime/militarydatetzdto.go:237.52,241.32 2 1
github.com/MikeAustin71/datetimeopsgo/datetime/militarydatetzdto.go:245.2,245.47 1 1
github.com/MikeAustin71/datetimeopsgo/datetime/militarydatetzdto.go:250.2,250.56 1 1
github.com/MikeAustin71/datetimeopsgo/datetime/militarydatetzdto.go:255.2,255.12 1 1
github.com/MikeAustin71/datetimeopsgo/datetime/militarydatetzdto.go:241.32,243.3 1 0
github.com/MikeAustin71/datetimeopsgo/datetime/militarydatetzdto.go:245.47,248.3 1 0
github.com/MikeAustin71/datetimeopsgo/datetime/militarydatetzdto.go:250.56,253.3 1 0
github.com/MikeAustin71/datetimeopsgo/datetime/militarydatetzdto.go:280.78,282.69 1 0
github.com/MikeAustin71/datetimeopsgo/datetime/militarydatetzdto.go:287.2,291.25 3 0
github.com/MikeAustin71/datetimeopsgo/datetime/militarydatetzdto.go:282.69,285.3 1 0
github.com/MikeAustin71/datetimeopsgo/datetime/militarydatetzdto.go:316.75,318.69 1 0
github.com/MikeAustin71/datetimeopsgo/datetime/militarydatetzdto.go:323.2,327.25 3 0
github.com/MikeAustin71/datetimeopsgo/datetime/militarydatetzdto.go:318.69,321.3 1 0
github.com/MikeAustin71/datetimeopsgo/datetime/militarydatetzdto.go:388.61,394.16 3 1
github.com/MikeAustin71/datetimeopsgo/datetime/militarydatetzdto.go:401.2,401.26 1 1
github.com/MikeAustin71/datetimeopsgo/datetime/militarydatetzdto.go:406.2,413.16 3 1
github.com/MikeAustin71/datetimeopsgo/datetime/militarydatetzdto.go:419.2,423.16 3 1
github.com/MikeAustin71/datetimeopsgo/datetime/militarydatetzdto.go:431.2,435.9 3 1
github.com/MikeAustin71/datetimeopsgo/datetime/militarydatetzdto.go:442.2,444.9 2 1
github.com/MikeAustin71/datetimeopsgo/datetime/militarydatetzdto.go:452.2,452.27 1 1
github.com/MikeAustin71/datetimeopsgo/datetime/militarydatetzdto.go:394.16,398.3 1 0
github.com/MikeAustin71/datetimeopsgo/datetime/militarydatetzdto.go:401.26,404.3 1 0
github.com/MikeAustin71/datetimeopsgo/datetime/militarydatetzdto.go:413.16,417.3 1 0
github.com/MikeAustin71/datetimeopsgo/datetime/militarydatetzdto.go:423.16,429.3 1 0
github.com/MikeAustin71/datetimeopsgo/datetime/militarydatetzdto.go:435.9,440.3 1 0
github.com/MikeAustin71/datetimeopsgo/datetime/militarydatetzdto.go:444.9,449.3 1 0
github.com/MikeAustin71/datetimeopsgo/datetime/militarydatetzdto.go:511.47,518.16 4 0
github.com/MikeAustin71/datetimeopsgo/datetime/militarydatetzdto.go:526.2,528.29 2 0
github.com/MikeAustin71/datetimeopsgo/datetime/militarydatetzdto.go:538.2,540.9 2 0
github.com/MikeAustin71/datetimeopsgo/datetime/militarydatetzdto.go:547.2,557.16 4 0
github.com/MikeAustin71/datetimeopsgo/datetime/militarydatetzdto.go:565.2,567.9 2 0
github.com/MikeAustin71/datetimeopsgo/datetime/militarydatetzdto.go:574.2,576.9 2 0
github.com/MikeAustin71/datetimeopsgo/datetime/militarydatetzdto.go:583.2,583.27 1 0
github.com/MikeAustin71/datetimeopsgo/datetime/militarydatetzdto.go:518.16,523.3 1 0
github.com/MikeAustin71/datetimeopsgo/datetime/militarydatetzdto.go:528.29,536.3 1 0
github.com/MikeAustin71/datetimeopsgo/datetime/militarydatetzdto.go:540.9,545.3 1 0
github.com/MikeAustin71/datetimeopsgo/datetime/militarydatetzdto.go:557.16,563.3 1 0
github.com/MikeAustin71/datetimeopsgo/datetime/militarydatetzdto.go:567.9,572.3 1 0
github.com/MikeAustin71/datetimeopsgo/datetime/militarydatetzdto.go:576.9,581.3 1 0
github.com/MikeAustin71/datetimeopsgo/datetime/militarydatetzdto.go:640.48,646.26 3 0
github.com/MikeAustin71/datetimeopsgo/datetime/militarydatetzdto.go:652.2,659.16 3 0
github.com/MikeAustin71/datetimeopsgo/datetime/militarydatetzdto.go:666.2,671.16 4 0
github.com/MikeAustin71/datetimeopsgo/datetime/militarydatetzdto.go:679.2,683.9 3 0
github.com/MikeAustin71/datetimeopsgo/datetime/militarydatetzdto.go:690.2,692.9 2 0
github.com/MikeAustin71/datetimeopsgo/datetime/militarydatetzdto.go:699.2,699.27 1 0
github.com/MikeAustin71/datetimeopsgo/datetime/militarydatetzdto.go:646.26,650.3 1 0
github.com/MikeAustin71/datetimeopsgo/datetime/militarydatetzdto.go:659.16,664.3 1 0
github.com/MikeAustin71/datetimeopsgo/datetime/militarydatetzdto.go:671.16,678.3 1 0
github.com/MikeAustin71/datetimeopsgo/datetime/militarydatetzdto.go:683.9,688.3 1 0
github.com/MikeAustin71/datetimeopsgo/datetime/militarydatetzdto.go:692.9,697.3 1 0
github.com/MikeAustin71/datetimeopsgo/datetime/militarydatetzdto.go:743.75,756.16 5 0
github.com/MikeAustin71/datetimeopsgo/datetime/militarydatetzdto.go:763.2,767.16 3 0
github.com/MikeAustin71/datetimeopsgo/datetime/militarydatetzdto.go:775.2,779.9 3 0
github.com/MikeAustin71/datetimeopsgo/datetime/militarydatetzdto.go:786.2,788.9 2 0
github.com/MikeAustin71/datetimeopsgo/datetime/militarydatetzdto.go:795.2,795.27 1 0
github.com/MikeAustin71/datetimeopsgo/datetime/militarydatetzdto.go:756.16,761.3 1 0
github.com/MikeAustin71/datetimeopsgo/datetime/militarydatetzdto.go:767.16,774.3 1 0
github.com/MikeAustin71/datetimeopsgo/datetime/militarydatetzdto.go:779.9,784.3 1 0
github.com/MikeAustin71/datetimeopsgo/datetime/militarydatetzdto.go:788.9,793.3 1 0
github.com/MikeAustin71/datetimeopsgo/datetime/militarydatetzdto.go:804.27,808.23 2 0
github.com/MikeAustin71/datetimeopsgo/datetime/militarydatetzdto.go:813.2,813.26 1 0
github.com/MikeAustin71/datetimeopsgo/datetime/militarydatetzdto.go:818.2,827.16 4 0
github.com/MikeAustin71/datetimeopsgo/datetime/militarydatetzdto.go:832.2,836.16 3 0
github.com/MikeAustin71/datetimeopsgo/datetime/militarydatetzdto.go:844.2,848.9 3 0
github.com/MikeAustin71/datetimeopsgo/datetime/militarydatetzdto.go:855.2,857.9 2 0
github.com/MikeAustin71/datetimeopsgo/datetime/militarydatetzdto.go:864.2,866.12 2 0
github.com/MikeAustin71/datetimeopsgo/datetime/militarydatetzdto.go:808.23,811.3 1 0
github.com/MikeAustin71/datetimeopsgo/datetime/militarydatetzdto.go:813.26,816.3 1 0
github.com/MikeAustin71/datetimeopsgo/datetime/militarydatetzdto.go:827.16,830.3 1 0
github.com/MikeAustin71/datetimeopsgo/datetime/militarydatetzdto.go:836.16,842.3 1 0
github.com/MikeAustin71/datetimeopsgo/datetime/militarydatetzdto.go:848.9,853.3 1 0
github.com/MikeAustin71/datetimeopsgo/datetime/militarydatetzdto.go:857.9,862.3 1 0
github.com/MikeAustin71/datetimeopsgo/datetime/militarydatetzdto.go:883.98,894.18 7 1
github.com/MikeAustin71/datetimeopsgo/datetime/militarydatetzdto.go:900.2,903.17 3 1
github.com/MikeAustin71/datetimeopsgo/datetime/militarydatetzdto.go:954.2,958.17 3 1
github.com/MikeAustin71/datetimeopsgo/datetime/militarydatetzdto.go:971.2,973.60 2 1
github.com/MikeAustin71/datetimeopsgo/datetime/militarydatetzdto.go:894.18,898.4 2 0
github.com/MikeAustin71/datetimeopsgo/datetime/militarydatetzdto.go:903.17,910.10 3 0
github.com/MikeAustin71/datetimeopsgo/datetime/militarydatetzdto.go:918.3,920.10 2 0
github.com/MikeAustin71/datetimeopsgo/datetime/militarydatetzdto.go:910.10,916.4 2 0
github.com/MikeAustin71/datetimeopsgo/datetime/militarydatetzdto.go:920.10,926.4 2 0
github.com/MikeAustin71/datetimeopsgo/datetime/militarydatetzdto.go:929.8,942.10 8 1
github.com/MikeAustin71/datetimeopsgo/datetime/militarydatetzdto.go:942.10,951.4 4 0
github.com/MikeAustin71/datetimeopsgo/datetime/militarydatetzdto.go:958.17,969.3 5 0
github.com/MikeAustin71/datetimeopsgo/datetime/timedurationdto.go:81.60,113.2 29 0
github.com/MikeAustin71/datetimeopsgo/datetime/timedurationdto.go:117.56,151.2 30 1
github.com/MikeAustin71/datetimeopsgo/datetime/timedurationdto.go:155.38,184.2 28 1
github.com/MikeAustin71/datetimeopsgo/datetime/timedurationdto.go:188.48,215.2 24 1
github.com/MikeAustin71/datetimeopsgo/datetime/timedurationdto.go:219.64,248.55 1 0
github.com/MikeAustin71/datetimeopsgo/datetime/timedurationdto.go:253.2,253.13 1 0
github.com/MikeAustin71/datetimeopsgo/datetime/timedurationdto.go:248.55,251.3 1 0
github.com/MikeAustin71/datetimeopsgo/datetime/timedurationdto.go:259.45,287.32 1 0
github.com/MikeAustin71/datetimeopsgo/datetime/timedurationdto.go:293.2,293.14 1 0
github.com/MikeAustin71/datetimeopsgo/datetime/timedurationdto.go:287.32,291.3 2 0
github.com/MikeAustin71/datetimeopsgo/datetime/timedurationdto.go:299.46,303.40 2 1
github.com/MikeAustin71/datetimeopsgo/datetime/timedurationdto.go:309.2,309.71 1 1
github.com/MikeAustin71/datetimeopsgo/datetime/timedurationdto.go:313.2,313.12 1 1
github.com/MikeAustin71/datetimeopsgo/datetime/timedurationdto.go:303.40,307.3 1 0
github.com/MikeAustin71/datetimeopsgo/datetime/timedurationdto.go:309.71,311.3 1 0
github.com/MikeAustin71/datetimeopsgo/datetime/timedurationdto.go:319.47,330.2 7 0
github.com/MikeAustin71/datetimeopsgo/datetime/timedurationdto.go:336.75,340.2 1 0
github.com/MikeAustin71/datetimeopsgo/datetime/timedurationdto.go:346.77,350.2 1 0
github.com/MikeAustin71/datetimeopsgo/datetime/timedurationdto.go:356.81,360.2 1 0
github.com/MikeAustin71/datetimeopsgo/datetime/timedurationdto.go:366.81,370.2 1 0
github.com/MikeAustin71/datetimeopsgo/datetime/timedurationdto.go:384.57,386.35 1 0
github.com/MikeAustin71/datetimeopsgo/datetime/timedurationdto.go:390.2,392.52 2 0
github.com/MikeAustin71/datetimeopsgo/datetime/timedurationdto.go:400.2,402.21 2 0
github.com/MikeAustin71/datetimeopsgo/datetime/timedurationdto.go:406.2,406.35 1 0
github.com/MikeAustin71/datetimeopsgo/datetime/timedurationdto.go:410.2,410.37 1 0
github.com/MikeAustin71/datetimeopsgo/datetime/timedurationdto.go:414.2,414.34 1 0
github.com/MikeAustin71/datetimeopsgo/datetime/timedurationdto.go:420.2,420.36 1 0
github.com/MikeAustin71/datetimeopsgo/datetime/timedurationdto.go:426.2,426.36 1 0
github.com/MikeAustin71/datetimeopsgo/datetime/timedurationdto.go:432.2,432.41 1 0
github.com/MikeAustin71/datetimeopsgo/datetime/timedurationdto.go:438.2,438.41 1 0
github.com/MikeAustin71/datetimeopsgo/datetime/timedurationdto.go:444.2,446.12 2 0
github.com/MikeAustin71/datetimeopsgo/datetime/timedurationdto.go:386.35,388.3 1 0
github.com/MikeAustin71/datetimeopsgo/datetime/timedurationdto.go:392.52,394.17 2 0
github.com/MikeAustin71/datetimeopsgo/datetime/timedurationdto.go:394.17,397.4 1 0
github.com/MikeAustin71/datetimeopsgo/datetime/timedurationdto.go:402.21,404.3 1 0
github.com/MikeAustin71/datetimeopsgo/datetime/timedurationdto.go:406.35,408.3 1 0
github.com/MikeAustin71/datetimeopsgo/datetime/timedurationdto.go:410.37,412.3 1 0
github.com/MikeAustin71/datetimeopsgo/datetime/timedurationdto.go:414.34,418.3 1 0
github.com/MikeAustin71/datetimeopsgo/datetime/timedurationdto.go:420.36,424.3 1 0
github.com/MikeAustin71/datetimeopsgo/datetime/timedurationdto.go:426.36,430.3 1 0
github.com/MikeAustin71/datetimeopsgo/datetime/timedurationdto.go:432.41,436.3 1 0
github.com/MikeAustin71/datetimeopsgo/datetime/timedurationdto.go:438.41,442.3 1 0
github.com/MikeAustin71/datetimeopsgo/datetime/timedurationdto.go:465.60,467.35 1 0
github.com/MikeAustin71/datetimeopsgo/datetime/timedurationdto.go:471.2,473.52 2 0
github.com/MikeAustin71/datetimeopsgo/datetime/timedurationdto.go:484.2,486.21 2 0
github.com/MikeAustin71/datetimeopsgo/datetime/timedurationdto.go:490.2,490.35 1 0
github.com/MikeAustin71/datetimeopsgo/datetime/timedurationdto.go:494.2,494.37 1 0
github.com/MikeAustin71/datetimeopsgo/datetime/timedurationdto.go:498.2,498.34 1 0
github.com/MikeAustin71/datetimeopsgo/datetime/timedurationdto.go:504.2,514.12 6 0
github.com/MikeAustin71/datetimeopsgo/datetime/timedurationdto.go:467.35,469.3 1 0
github.com/MikeAustin71/datetimeopsgo/datetime/timedurationdto.go:473.52,476.17 2 0
github.com/MikeAustin71/datetimeopsgo/datetime/timedurationdto.go:476.17,480.4 1 0
github.com/MikeAustin71/datetimeopsgo/datetime/timedurationdto.go:486.21,488.3 1 0
github.com/MikeAustin71/datetimeopsgo/datetime/timedurationdto.go:490.35,492.3 1 0
github.com/MikeAustin71/datetimeopsgo/datetime/timedurationdto.go:494.37,496.3 1 0
github.com/MikeAustin71/datetimeopsgo/datetime/timedurationdto.go:498.34,502.3 1 0
github.com/MikeAustin71/datetimeopsgo/datetime/timedurationdto.go:527.66,529.35 1 1
github.com/MikeAustin71/datetimeopsgo/datetime/timedurationdto.go:533.2,535.52 2 1
github.com/MikeAustin71/datetimeopsgo/datetime/timedurationdto.go:546.2,548.21 2 1
github.com/MikeAustin71/datetimeopsgo/datetime/timedurationdto.go:552.2,552.35 1 1
github.com/MikeAustin71/datetimeopsgo/datetime/timedurationdto.go:556.2,556.37 1 1
github.com/MikeAustin71/datetimeopsgo/datetime/timedurationdto.go:560.2,572.12 7 1
github.com/MikeAustin71/datetimeopsgo/datetime/timedurationdto.go:529.35,531.3 1 0
github.com/MikeAustin71/datetimeopsgo/datetime/timedurationdto.go:535.52,539.17 2 0
github.com/MikeAustin71/datetimeopsgo/datetime/timedurationdto.go:539.17,543.4 1 0
github.com/MikeAustin71/datetimeopsgo/datetime/timedurationdto.go:548.21,550.3 1 0
github.com/MikeAustin71/datetimeopsgo/datetime/timedurationdto.go:552.35,554.3 1 0
github.com/MikeAustin71/datetimeopsgo/datetime/timedurationdto.go:556.37,558.3 1 0
github.com/MikeAustin71/datetimeopsgo/datetime/timedurationdto.go:590.61,592.35 1 1
github.com/MikeAustin71/datetimeopsgo/datetime/timedurationdto.go:596.2,598.52 2 1
github.com/MikeAustin71/datetimeopsgo/datetime/timedurationdto.go:610.2,612.21 2 1
github.com/MikeAustin71/datetimeopsgo/datetime/timedurationdto.go:616.2,616.35 1 1
github.com/MikeAustin71/datetimeopsgo/datetime/timedurationdto.go:620.2,620.37 1 1
github.com/MikeAustin71/datetimeopsgo/datetime/timedurationdto.go:624.2,636.12 7 1
github.com/MikeAustin71/datetimeopsgo/datetime/timedurationdto.go:592.35,594.3 1 0
github.com/MikeAustin71/datetimeopsgo/datetime/timedurationdto.go:598.52,602.17 2 0
github.com/MikeAustin71/datetimeopsgo/datetime/timedurationdto.go:602.17,606.4 1 0
github.com/MikeAustin71/datetimeopsgo/datetime/timedurationdto.go:612.21,614.3 1 1
github.com/MikeAustin71/datetimeopsgo/datetime/timedurationdto.go:616.35,618.3 1 1
github.com/MikeAustin71/datetimeopsgo/datetime/timedurationdto.go:620.37,622.3 1 1
github.com/MikeAustin71/datetimeopsgo/datetime/timedurationdto.go:649.69,651.35 1 1
github.com/MikeAustin71/datetimeopsgo/datetime/timedurationdto.go:655.2,657.52 2 1
github.com/MikeAustin71/datetimeopsgo/datetime/timedurationdto.go:668.2,670.21 2 1
github.com/MikeAustin71/datetimeopsgo/datetime/timedurationdto.go:674.2,674.35 1 1
github.com/MikeAustin71/datetimeopsgo/datetime/timedurationdto.go:678.2,678.34 1 1
github.com/MikeAustin71/datetimeopsgo/datetime/timedurationdto.go:682.2,682.37 1 1
github.com/MikeAustin71/datetimeopsgo/datetime/timedurationdto.go:686.2,698.12 7 1
github.com/MikeAustin71/datetimeopsgo/datetime/timedurationdto.go:651.35,653.3 1 0
github.com/MikeAustin71/datetimeopsgo/datetime/timedurationdto.go:657.52,660.17 2 0
github.com/MikeAustin71/datetimeopsgo/datetime/timedurationdto.go:660.17,664.4 1 0
github.com/MikeAustin71/datetimeopsgo/datetime/timedurationdto.go:670.21,672.3 1 0
github.com/MikeAustin71/datetimeopsgo/datetime/timedurationdto.go:674.35,676.3 1 0
github.com/MikeAustin71/datetimeopsgo/datetime/timedurationdto.go:678.34,680.3 1 0
github.com/MikeAustin71/datetimeopsgo/datetime/timedurationdto.go:682.37,684.3 1 0
github.com/MikeAustin71/datetimeopsgo/datetime/timedurationdto.go:711.64,713.35 1 1
github.com/MikeAustin71/datetimeopsgo/datetime/timedurationdto.go:717.2,719.52 2 1
github.com/MikeAustin71/datetimeopsgo/datetime/timedurationdto.go:729.2,731.21 2 1
github.com/MikeAustin71/datetimeopsgo/datetime/timedurationdto.go:735.2,735.35 1 1
github.com/MikeAustin71/datetimeopsgo/datetime/timedurationdto.go:739.2,755.12 9 1
github.com/MikeAustin71/datetimeopsgo/datetime/timedurationdto.go:713.35,715.3 1 1
github.com/MikeAustin71/datetimeopsgo/datetime/timedurationdto.go:719.52,722.17 2 0
github.com/MikeAustin71/datetimeopsgo/datetime/timedurationdto.go:722.17,726.4 1 0
github.com/MikeAustin71/datetimeopsgo/datetime/timedurationdto.go:731.21,733.3 1 1
github.com/MikeAustin71/datetimeopsgo/datetime/timedurationdto.go:735.35,737.3 1 1
github.com/MikeAustin71/datetimeopsgo/datetime/timedurationdto.go:763.75,767.35 2 0
github.com/MikeAustin71/datetimeopsgo/datetime/timedurationdto.go:772.2,776.16 3 0
github.com/MikeAustin71/datetimeopsgo/datetime/timedurationdto.go:781.2,781.19 1 0
github.com/MikeAustin71/datetimeopsgo/datetime/timedurationdto.go:767.35,770.3 1 0
github.com/MikeAustin71/datetimeopsgo/datetime/timedurationdto.go:776.16,779.3 1 0
github.com/MikeAustin71/datetimeopsgo/datetime/timedurationdto.go:794.66,797.35 2 1
github.com/MikeAustin71/datetimeopsgo/datetime/timedurationdto.go:801.2,805.16 3 1
github.com/MikeAustin71/datetimeopsgo/datetime/timedurationdto.go:810.2,826.17 9 1
github.com/MikeAustin71/datetimeopsgo/datetime/timedurationdto.go:797.35,799.3 1 0
github.com/MikeAustin71/datetimeopsgo/datetime/timedurationdto.go:805.16,808.3 1 0
github.com/MikeAustin71/datetimeopsgo/datetime/timedurationdto.go:837.76,841.35 2 0
github.com/MikeAustin71/datetimeopsgo/datetime/timedurationdto.go:846.2,850.16 3 0
github.com/MikeAustin71/datetimeopsgo/datetime/timedurationdto.go:856.2,856.19 1 0
github.com/MikeAustin71/datetimeopsgo/datetime/timedurationdto.go:841.35,844.3 1 0
github.com/MikeAustin71/datetimeopsgo/datetime/timedurationdto.go:850.16,854.3 1 0
github.com/MikeAustin71/datetimeopsgo/datetime/timedurationdto.go:867.67,871.35 2 1
github.com/MikeAustin71/datetimeopsgo/datetime/timedurationdto.go:875.2,879.16 3 1
github.com/MikeAustin71/datetimeopsgo/datetime/timedurationdto.go:885.2,899.17 8 1
github.com/MikeAustin71/datetimeopsgo/datetime/timedurationdto.go:871.35,873.3 1 0
github.com/MikeAustin71/datetimeopsgo/datetime/timedurationdto.go:879.16,883.3 1 0
github.com/MikeAustin71/datetimeopsgo/datetime/timedurationdto.go:912.78,916.35 2 0
github.com/MikeAustin71/datetimeopsgo/datetime/timedurationdto.go:921.2,925.16 3 0
github.com/MikeAustin71/datetimeopsgo/datetime/timedurationdto.go:931.2,931.19 1 0
github.com/MikeAustin71/datetimeopsgo/datetime/timedurationdto.go:916.35,919.3 1 0
github.com/MikeAustin71/datetimeopsgo/datetime/timedurationdto.go:925.16,929.3 1 0
github.com/MikeAustin71/datetimeopsgo/datetime/timedurationdto.go:943.65,947.35 2 0
github.com/MikeAustin71/datetimeopsgo/datetime/timedurationdto.go:951.2,955.16 3 0
github.com/MikeAustin71/datetimeopsgo/datetime/timedurationdto.go:961.2,973.17 7 0
github.com/MikeAustin71/datetimeopsgo/datetime/timedurationdto.go:947.35,949.3 1 0
github.com/MikeAustin71/datetimeopsgo/datetime/timedurationdto.go:955.16,959.3 1 0
github.com/MikeAustin71/datetimeopsgo/datetime/timedurationdto.go:985.77,989.35 2 0
github.com/MikeAustin71/datetimeopsgo/datetime/timedurationdto.go:993.2,997.16 3 0
github.com/MikeAustin71/datetimeopsgo/datetime/timedurationdto.go:1003.2,1003.19 1 0
github.com/MikeAustin71/datetimeopsgo/datetime/timedurationdto.go:989.35,991.3 1 0
github.com/MikeAustin71/datetimeopsgo/datetime/timedurationdto.go:997.16,1001.3 1 0
github.com/MikeAustin71/datetimeopsgo/datetime/timedurationdto.go:1014.72,1018.35 2 1
github.com/MikeAustin71/datetimeopsgo/datetime/timedurationdto.go:1022.2,1026.16 3 1
github.com/MikeAustin71/datetimeopsgo/datetime/timedurationdto.go:1032.2,1050.17 10 1
github.com/MikeAustin71/datetimeopsgo/datetime/timedurationdto.go:1018.35,1020.3 1 0
github.com/MikeAustin71/datetimeopsgo/datetime/timedurationdto.go:1026.16,1030.3 1 0
github.com/MikeAustin71/datetimeopsgo/datetime/timedurationdto.go:1064.78,1068.35 2 1
github.com/MikeAustin71/datetimeopsgo/datetime/timedurationdto.go:1072.2,1076.16 3 1
github.com/MikeAustin71/datetimeopsgo/datetime/timedurationdto.go:1082.2,1082.19 1 1
github.com/MikeAustin71/datetimeopsgo/datetime/timedurationdto.go:1068.35,1070.3 1 0
github.com/MikeAustin71/datetimeopsgo/datetime/timedurationdto.go:1076.16,1080.3 1 0
github.com/MikeAustin71/datetimeopsgo/datetime/timedurationdto.go:1089.69,1093.35 2 1
github.com/MikeAustin71/datetimeopsgo/datetime/timedurationdto.go:1097.2,1101.16 3 1
github.com/MikeAustin71/datetimeopsgo/datetime/timedurationdto.go:1107.2,1117.17 6 1
github.com/MikeAustin71/datetimeopsgo/datetime/timedurationdto.go:1093.35,1095.3 1 0
github.com/MikeAustin71/datetimeopsgo/datetime/timedurationdto.go:1101.16,1105.3 1 0
github.com/MikeAustin71/datetimeopsgo/datetime/timedurationdto.go:1124.68,1130.2 2 0
github.com/MikeAustin71/datetimeopsgo/datetime/timedurationdto.go:1140.76,1144.35 2 0
github.com/MikeAustin71/datetimeopsgo/datetime/timedurationdto.go:1149.2,1153.16 3 0
github.com/MikeAustin71/datetimeopsgo/datetime/timedurationdto.go:1159.2,1159.19 1 0
github.com/MikeAustin71/datetimeopsgo/datetime/timedurationdto.go:1144.35,1147.3 1 0
github.com/MikeAustin71/datetimeopsgo/datetime/timedurationdto.go:1153.16,1157.3 1 0
github.com/MikeAustin71/datetimeopsgo/datetime/timedurationdto.go:1172.71,1176.35 2 1
github.com/MikeAustin71/datetimeopsgo/datetime/timedurationdto.go:1180.2,1184.16 3 1
github.com/MikeAustin71/datetimeopsgo/datetime/timedurationdto.go:1190.2,1208.17 10 1
github.com/MikeAustin71/datetimeopsgo/datetime/timedurationdto.go:1176.35,1178.3 1 0
github.com/MikeAustin71/datetimeopsgo/datetime/timedurationdto.go:1184.16,1188.3 1 0
github.com/MikeAustin71/datetimeopsgo/datetime/timedurationdto.go:1214.72,1216.35 1 1
github.com/MikeAustin71/datetimeopsgo/datetime/timedurationdto.go:1220.2,1222.52 2 1
github.com/MikeAustin71/datetimeopsgo/datetime/timedurationdto.go:1233.2,1251.12 10 1
github.com/MikeAustin71/datetimeopsgo/datetime/timedurationdto.go:1216.35,1218.3 1 0
github.com/MikeAustin71/datetimeopsgo/datetime/timedurationdto.go:1222.52,1225.17 2 0
github.com/MikeAustin71/datetimeopsgo/datetime/timedurationdto.go:1225.17,1229.4 1 0
github.com/MikeAustin71/datetimeopsgo/datetime/timedurationdto.go:1258.61,1261.2 1 1
github.com/MikeAustin71/datetimeopsgo/datetime/timedurationdto.go:1276.81,1280.35 2 0
github.com/MikeAustin71/datetimeopsgo/datetime/timedurationdto.go:1284.2,1288.16 3 0
github.com/MikeAustin71/datetimeopsgo/datetime/timedurationdto.go:1294.2,1294.19 1 0
github.com/MikeAustin71/datetimeopsgo/datetime/timedurationdto.go:1280.35,1282.3 1 0
github.com/MikeAustin71/datetimeopsgo/datetime/timedurationdto.go:1288.16,1292.3 1 0
github.com/MikeAustin71/datetimeopsgo/datetime/timedurationdto.go:1309.76,1313.35 2 0
github.com/MikeAustin71/datetimeopsgo/datetime/timedurationdto.go:1317.2,1321.16 3 0
github.com/MikeAustin71/datetimeopsgo/datetime/timedurationdto.go:1327.2,1345.17 10 0
github.com/MikeAustin71/datetimeopsgo/datetime/timedurationdto.go:1313.35,1315.3 1 0
github.com/MikeAustin71/datetimeopsgo/datetime/timedurationdto.go:1321.16,1325.3 1 0
github.com/MikeAustin71/datetimeopsgo/datetime/timedurationdto.go:1386.50,1390.52 2 1
github.com/MikeAustin71/datetimeopsgo/datetime/timedurationdto.go:1396.2,1402.16 4 1
github.com/MikeAustin71/datetimeopsgo/datetime/timedurationdto.go:1410.2,1410.19 1 1
github.com/MikeAustin71/datetimeopsgo/datetime/timedurationdto.go:1390.52,1394.3 1 0
github.com/MikeAustin71/datetimeopsgo/datetime/timedurationdto.go:1402.16,1408.3 1 0
github.com/MikeAustin71/datetimeopsgo/datetime/timedurationdto.go:1491.50,1499.16 4 1
github.com/MikeAustin71/datetimeopsgo/datetime/timedurationdto.go:1507.2,1517.16 6 1
github.com/MikeAustin71/datetimeopsgo/datetime/timedurationdto.go:1523.2,1523.19 1 1
github.com/MikeAustin71/datetimeopsgo/datetime/timedurationdto.go:1499.16,1505.3 1 0
github.com/MikeAustin71/datetimeopsgo/datetime/timedurationdto.go:1517.16,1521.3 1 0
github.com/MikeAustin71/datetimeopsgo/datetime/timedurationdto.go:1597.50,1607.16 5 1
github.com/MikeAustin71/datetimeopsgo/datetime/timedurationdto.go:1615.2,1627.16 5 1
github.com/MikeAustin71/datetimeopsgo/datetime/timedurationdto.go:1635.2,1635.19 1 1
github.com/MikeAustin71/datetimeopsgo/datetime/timedurationdto.go:1607.16,1613.3 1 0
github.com/MikeAustin71/datetimeopsgo/datetime/timedurationdto.go:1627.16,1633.3 1 0
github.com/MikeAustin71/datetimeopsgo/datetime/timedurationdto.go:1683.50,1698.16 5 1
github.com/MikeAustin71/datetimeopsgo/datetime/timedurationdto.go:1705.2,1705.19 1 1
github.com/MikeAustin71/datetimeopsgo/datetime/timedurationdto.go:1698.16,1703.3 1 0
github.com/MikeAustin71/datetimeopsgo/datetime/timedurationdto.go:1813.50,1826.16 4 0
github.com/MikeAustin71/datetimeopsgo/datetime/timedurationdto.go:1833.2,1833.19 1 0
github.com/MikeAustin71/datetimeopsgo/datetime/timedurationdto.go:1826.16,1831.3 1 0
github.com/MikeAustin71/datetimeopsgo/datetime/timedurationdto.go:1910.50,1923.16 4 1
github.com/MikeAustin71/datetimeopsgo/datetime/timedurationdto.go:1930.2,1930.19 1 1
github.com/MikeAustin71/datetimeopsgo/datetime/timedurationdto.go:1923.16,1928.3 1 0
github.com/MikeAustin71/datetimeopsgo/datetime/timedurationdto.go:1997.68,2001.52 2 1
github.com/MikeAustin71/datetimeopsgo/datetime/timedurationdto.go:2007.2,2011.16 3 1
github.com/MikeAustin71/datetimeopsgo/datetime/timedurationdto.go:2019.2,2023.16 3 1
github.com/MikeAustin71/datetimeopsgo/datetime/timedurationdto.go:2029.2,2029.19 1 1
github.com/MikeAustin71/datetimeopsgo/datetime/timedurationdto.go:2001.52,2005.3 1 0
github.com/MikeAustin71/datetimeopsgo/datetime/timedurationdto.go:2011.16,2017.3 1 0
github.com/MikeAustin71/datetimeopsgo/datetime/timedurationdto.go:2023.16,2027.3 1 0
github.com/MikeAustin71/datetimeopsgo/datetime/timedurationdto.go:2102.50,2106.52 2 1
github.com/MikeAustin71/datetimeopsgo/datetime/timedurationdto.go:2112.2,2118.16 4 1
github.com/MikeAustin71/datetimeopsgo/datetime/timedurationdto.go:2124.2,2124.19 1 1
github.com/MikeAustin71/datetimeopsgo/datetime/timedurationdto.go:2106.52,2110.3 1 0
github.com/MikeAustin71/datetimeopsgo/datetime/timedurationdto.go:2118.16,2122.3 1 0
github.com/MikeAustin71/datetimeopsgo/datetime/timedurationdto.go:2233.50,2237.52 2 1
github.com/MikeAustin71/datetimeopsgo/datetime/timedurationdto.go:2243.2,2247.16 3 1
github.com/MikeAustin71/datetimeopsgo/datetime/timedurationdto.go:2255.2,2259.16 3 1
github.com/MikeAustin71/datetimeopsgo/datetime/timedurationdto.go:2265.2,2265.19 1 1
github.com/MikeAustin71/datetimeopsgo/datetime/timedurationdto.go:2237.52,2241.3 1 0
github.com/MikeAustin71/datetimeopsgo/datetime/timedurationdto.go:2247.16,2253.3 1 0
github.com/MikeAustin71/datetimeopsgo/datetime/timedurationdto.go:2259.16,2263.3 1 0
github.com/MikeAustin71/datetimeopsgo/datetime/timedurationdto.go:2307.50,2311.70 2 1
github.com/MikeAustin71/datetimeopsgo/datetime/timedurationdto.go:2317.2,2327.16 4 1
github.com/MikeAustin71/datetimeopsgo/datetime/timedurationdto.go:2333.2,2333.19 1 1
github.com/MikeAustin71/datetimeopsgo/datetime/timedurationdto.go:2311.70,2315.3 1 0
github.com/MikeAustin71/datetimeopsgo/datetime/timedurationdto.go:2327.16,2331.3 1 0
github.com/MikeAustin71/datetimeopsgo/datetime/timedurationdto.go:2406.50,2410.70 2 1
github.com/MikeAustin71/datetimeopsgo/datetime/timedurationdto.go:2416.2,2426.16 4 1
github.com/MikeAustin71/datetimeopsgo/datetime/timedurationdto.go:2432.2,2432.19 1 1
github.com/MikeAustin71/datetimeopsgo/datetime/timedurationdto.go:2410.70,2414.3 1 0
github.com/MikeAustin71/datetimeopsgo/datetime/timedurationdto.go:2426.16,2430.3 1 0
github.com/MikeAustin71/datetimeopsgo/datetime/timedurationdto.go:2532.50,2536.70 2 1
github.com/MikeAustin71/datetimeopsgo/datetime/timedurationdto.go:2542.2,2546.16 3 1
github.com/MikeAustin71/datetimeopsgo/datetime/timedurationdto.go:2554.2,2562.16 3 1
github.com/MikeAustin71/datetimeopsgo/datetime/timedurationdto.go:2568.2,2568.19 1 1
github.com/MikeAustin71/datetimeopsgo/datetime/timedurationdto.go:2536.70,2540.3 1 0
github.com/MikeAustin71/datetimeopsgo/datetime/timedurationdto.go:2546.16,2552.3 1 0
github.com/MikeAustin71/datetimeopsgo/datetime/timedurationdto.go:2562.16,2566.3 1 0
github.com/MikeAustin71/datetimeopsgo/datetime/timedurationdto.go:2613.50,2617.45 2 1
github.com/MikeAustin71/datetimeopsgo/datetime/timedurationdto.go:2623.2,2629.16 4 1
github.com/MikeAustin71/datetimeopsgo/datetime/timedurationdto.go:2634.2,2634.19 1 1
github.com/MikeAustin71/datetimeopsgo/datetime/timedurationdto.go:2617.45,2621.3 1 0
github.com/MikeAustin71/datetimeopsgo/datetime/timedurationdto.go:2629.16,2632.3 1 0
github.com/MikeAustin71/datetimeopsgo/datetime/timedurationdto.go:2711.92,2715.45 2 1
github.com/MikeAustin71/datetimeopsgo/datetime/timedurationdto.go:2721.2,2725.16 3 1
github.com/MikeAustin71/datetimeopsgo/datetime/timedurationdto.go:2733.2,2737.16 3 1
github.com/MikeAustin71/datetimeopsgo/datetime/timedurationdto.go:2742.2,2742.19 1 1
github.com/MikeAustin71/datetimeopsgo/datetime/timedurationdto.go:2715.45,2719.3 1 0
github.com/MikeAustin71/datetimeopsgo/datetime/timedurationdto.go:2725.16,2731.3 1 0
github.com/MikeAustin71/datetimeopsgo/datetime/timedurationdto.go:2737.16,2740.3 1 0
github.com/MikeAustin71/datetimeopsgo/datetime/timedurationdto.go:2848.50,2852.45 2 1
github.com/MikeAustin71/datetimeopsgo/datetime/timedurationdto.go:2858.2,2862.16 3 1
github.com/MikeAustin71/datetimeopsgo/datetime/timedurationdto.go:2870.2,2878.16 3 1
github.com/MikeAustin71/datetimeopsgo/datetime/timedurationdto.go:2885.2,2885.19 1 1
github.com/MikeAustin71/datetimeopsgo/datetime/timedurationdto.go:2852.45,2856.3 1 0
github.com/MikeAustin71/datetimeopsgo/datetime/timedurationdto.go:2862.16,2868.3 1 0
github.com/MikeAustin71/datetimeopsgo/datetime/timedurationdto.go:2878.16,2883.3 1 0
github.com/MikeAustin71/datetimeopsgo/datetime/timedurationdto.go:2965.50,2969.45 2 1
github.com/MikeAustin71/datetimeopsgo/datetime/timedurationdto.go:2975.2,2981.16 4 1
github.com/MikeAustin71/datetimeopsgo/datetime/timedurationdto.go:2986.2,2986.19 1 1
github.com/MikeAustin71/datetimeopsgo/datetime/timedurationdto.go:2969.45,2973.3 1 0
github.com/MikeAustin71/datetimeopsgo/datetime/timedurationdto.go:2981.16,2984.3 1 0
github.com/MikeAustin71/datetimeopsgo/datetime/timedurationdto.go:3032.74,3036.54 2 1
github.com/MikeAustin71/datetimeopsgo/datetime/timedurationdto.go:3042.2,3052.16 4 1
github.com/MikeAustin71/datetimeopsgo/datetime/timedurationdto.go:3057.2,3057.19 1 1
github.com/MikeAustin71/datetimeopsgo/datetime/timedurationdto.go:3036.54,3040.3 1 0
github.com/MikeAustin71/datetimeopsgo/datetime/timedurationdto.go:3052.16,3055.3 1 0
github.com/MikeAustin71/datetimeopsgo/datetime/timedurationdto.go:3136.50,3140.54 2 1
github.com/MikeAustin71/datetimeopsgo/datetime/timedurationdto.go:3146.2,3150.16 3 1
github.com/MikeAustin71/datetimeopsgo/datetime/timedurationdto.go:3158.2,3166.16 3 1
github.com/MikeAustin71/datetimeopsgo/datetime/timedurationdto.go:3171.2,3171.19 1 1
github.com/MikeAustin71/datetimeopsgo/datetime/timedurationdto.go:3140.54,3144.3 1 0
github.com/MikeAustin71/datetimeopsgo/datetime/timedurationdto.go:3150.16,3156.3 1 0
github.com/MikeAustin71/datetimeopsgo/datetime/timedurationdto.go:3166.16,3169.3 1 0
github.com/MikeAustin71/datetimeopsgo/datetime/timedurationdto.go:3280.50,3284.54 2 1
github.com/MikeAustin71/datetimeopsgo/datetime/timedurationdto.go:3290.2,3294.16 3 1
github.com/MikeAustin71/datetimeopsgo/datetime/timedurationdto.go:3302.2,3310.16 3 1
github.com/MikeAustin71/datetimeopsgo/datetime/timedurationdto.go:3317.2,3317.19 1 1
github.com/MikeAustin71/datetimeopsgo/datetime/timedurationdto.go:3284.54,3288.3 1 0
github.com/MikeAustin71/datetimeopsgo/datetime/timedurationdto.go:3294.16,3300.3 1 0
github.com/MikeAustin71/datetimeopsgo/datetime/timedurationdto.go:3310.16,3315.3 1 0
github.com/MikeAustin71/datetimeopsgo/datetime/timedurationdto.go:3401.50,3405.54 2 1
github.com/MikeAustin71/datetimeopsgo/datetime/timedurationdto.go:3411.2,3421.16 4 1
github.com/MikeAustin71/datetimeopsgo/datetime/timedurationdto.go:3426.2,3426.19 1 1
github.com/MikeAustin71/datetimeopsgo/datetime/timedurationdto.go:3405.54,3409.3 1 0
github.com/MikeAustin71/datetimeopsgo/datetime/timedurationdto.go:3421.16,3424.3 1 0
github.com/MikeAustin71/datetimeopsgo/datetime/timedurationdto.go:3492.71,3496.53 2 1
github.com/MikeAustin71/datetimeopsgo/datetime/timedurationdto.go:3502.2,3512.16 4 1
github.com/MikeAustin71/datetimeopsgo/datetime/timedurationdto.go:3517.2,3517.19 1 1
github.com/MikeAustin71/datetimeopsgo/datetime/timedurationdto.go:3496.53,3500.3 1 0
github.com/MikeAustin71/datetimeopsgo/datetime/timedurationdto.go:3512.16,3515.3 1 0
github.com/MikeAustin71/datetimeopsgo/datetime/timedurationdto.go:3646.50,3650.53 2 1
github.com/MikeAustin71/datetimeopsgo/datetime/timedurationdto.go:3656.2,3665.16 3 1
github.com/MikeAustin71/datetimeopsgo/datetime/timedurationdto.go:3672.2,3672.19 1 1
github.com/MikeAustin71/datetimeopsgo/datetime/timedurationdto.go:3650.53,3654.3 1 0
github.com/MikeAustin71/datetimeopsgo/datetime/timedurationdto.go:3665.16,3670.3 1 0
github.com/MikeAustin71/datetimeopsgo/datetime/timedurationdto.go:3737.72,3741.52 2 1
github.com/MikeAustin71/datetimeopsgo/datetime/timedurationdto.go:3747.2,3754.16 4 1
github.com/MikeAustin71/datetimeopsgo/datetime/timedurationdto.go:3759.2,3759.19 1 1
github.com/MikeAustin71/datetimeopsgo/datetime/timedurationdto.go:3741.52,3745.3 1 0
github.com/MikeAustin71/datetimeopsgo/datetime/timedurationdto.go:3754.16,3757.3 1 0
github.com/MikeAustin71/datetimeopsgo/datetime/timedurationdto.go:3885.50,3889.52 2 1
github.com/MikeAustin71/datetimeopsgo/datetime/timedurationdto.go:3895.2,3904.16 3 1
github.com/MikeAustin71/datetimeopsgo/datetime/timedurationdto.go:3909.2,3909.19 1 1
github.com/MikeAustin71/datetimeopsgo/datetime/timedurationdto.go:3889.52,3893.3 1 0
github.com/MikeAustin71/datetimeopsgo/datetime/timedurationdto.go:3904.16,3907.3 1 0
github.com/MikeAustin71/datetimeopsgo/datetime/timedurationdto.go:3947.88,3951.2 1 1
github.com/MikeAustin71/datetimeopsgo/datetime/timedurationdto.go:3960.61,3971.16 5 1
github.com/MikeAustin71/datetimeopsgo/datetime/timedurationdto.go:3975.2,3975.12 1 1
github.com/MikeAustin71/datetimeopsgo/datetime/timedurationdto.go:3971.16,3973.3 1 0
github.com/MikeAustin71/datetimeopsgo/datetime/timedurationdto.go:3994.49,4004.16 5 1
github.com/MikeAustin71/datetimeopsgo/datetime/timedurationdto.go:4011.2,4023.16 5 1
github.com/MikeAustin71/datetimeopsgo/datetime/timedurationdto.go:4032.2,4032.12 1 1
github.com/MikeAustin71/datetimeopsgo/datetime/timedurationdto.go:4004.16,4009.3 1 0
github.com/MikeAustin71/datetimeopsgo/datetime/timedurationdto.go:4023.16,4030.3 1 0
github.com/MikeAustin71/datetimeopsgo/datetime/timedurationdto.go:4130.98,4134.52 2 1
github.com/MikeAustin71/datetimeopsgo/datetime/timedurationdto.go:4139.2,4144.16 4 1
github.com/MikeAustin71/datetimeopsgo/datetime/timedurationdto.go:4151.2,4153.16 2 1
github.com/MikeAustin71/datetimeopsgo/datetime/timedurationdto.go:4158.2,4168.16 6 1
github.com/MikeAustin71/datetimeopsgo/datetime/timedurationdto.go:4174.2,4174.12 1 1
github.com/MikeAustin71/datetimeopsgo/datetime/timedurationdto.go:4134.52,4137.3 1 0
github.com/MikeAustin71/datetimeopsgo/datetime/timedurationdto.go:4144.16,4149.3 1 0
github.com/MikeAustin71/datetimeopsgo/datetime/timedurationdto.go:4153.16,4156.3 1 0
github.com/MikeAustin71/datetimeopsgo/datetime/timedurationdto.go:4168.16,4172.3 2 0
github.com/MikeAustin71/datetimeopsgo/datetime/timedurationdto.go:4266.49,4273.16 3 1
github.com/MikeAustin71/datetimeopsgo/datetime/timedurationdto.go:4278.2,4278.12 1 1
github.com/MikeAustin71/datetimeopsgo/datetime/timedurationdto.go:4273.16,4276.3 1 0
github.com/MikeAustin71/datetimeopsgo/datetime/timedurationdto.go:4362.99,4366.52 2 1
github.com/MikeAustin71/datetimeopsgo/datetime/timedurationdto.go:4371.2,4376.16 4 1
github.com/MikeAustin71/datetimeopsgo/datetime/timedurationdto.go:4383.2,4385.16 2 1
github.com/MikeAustin71/datetimeopsgo/datetime/timedurationdto.go:4391.2,4393.16 2 1
github.com/MikeAustin71/datetimeopsgo/datetime/timedurationdto.go:4398.2,4398.59 1 1
github.com/MikeAustin71/datetimeopsgo/datetime/timedurationdto.go:4404.2,4411.16 6 1
github.com/MikeAustin71/datetimeopsgo/datetime/timedurationdto.go:4416.2,4416.12 1 1
github.com/MikeAustin71/datetimeopsgo/datetime/timedurationdto.go:4366.52,4369.3 1 0
github.com/MikeAustin71/datetimeopsgo/datetime/timedurationdto.go:4376.16,4381.3 1 0
github.com/MikeAustin71/datetimeopsgo/datetime/timedurationdto.go:4385.16,4389.3 1 0
github.com/MikeAustin71/datetimeopsgo/datetime/timedurationdto.go:4393.16,4396.3 1 0
github.com/MikeAustin71/datetimeopsgo/datetime/timedurationdto.go:4398.59,4402.3 3 1
github.com/MikeAustin71/datetimeopsgo/datetime/timedurationdto.go:4411.16,4414.3 1 0
github.com/MikeAustin71/datetimeopsgo/datetime/timedurationdto.go:4506.49,4510.45 2 1
github.com/MikeAustin71/datetimeopsgo/datetime/timedurationdto.go:4515.2,4520.16 4 1
github.com/MikeAustin71/datetimeopsgo/datetime/timedurationdto.go:4527.2,4529.16 2 1
github.com/MikeAustin71/datetimeopsgo/datetime/timedurationdto.go:4534.2,4536.18 2 1
github.com/MikeAustin71/datetimeopsgo/datetime/timedurationdto.go:4569.2,4571.16 2 1
github.com/MikeAustin71/datetimeopsgo/datetime/timedurationdto.go:4577.2,4577.12 1 1
github.com/MikeAustin71/datetimeopsgo/datetime/timedurationdto.go:4510.45,4513.3 1 0
github.com/MikeAustin71/datetimeopsgo/datetime/timedurationdto.go:4520.16,4525.3 1 0
github.com/MikeAustin71/datetimeopsgo/datetime/timedurationdto.go:4529.16,4532.3 1 0
github.com/MikeAustin71/datetimeopsgo/datetime/timedurationdto.go:4536.18,4542.17 3 0
github.com/MikeAustin71/datetimeopsgo/datetime/timedurationdto.go:4550.3,4550.36 1 0
github.com/MikeAustin71/datetimeopsgo/datetime/timedurationdto.go:4542.17,4548.4 2 0
github.com/MikeAustin71/datetimeopsgo/datetime/timedurationdto.go:4552.8,4558.17 3 1
github.com/MikeAustin71/datetimeopsgo/datetime/timedurationdto.go:4565.3,4565.31 1 1
github.com/MikeAustin71/datetimeopsgo/datetime/timedurationdto.go:4558.17,4563.4 2 0
github.com/MikeAustin71/datetimeopsgo/datetime/timedurationdto.go:4571.16,4575.3 2 0
github.com/MikeAustin71/datetimeopsgo/datetime/timedurationdto.go:4669.49,4677.16 4 1
github.com/MikeAustin71/datetimeopsgo/datetime/timedurationdto.go:4684.2,4690.16 2 1
github.com/MikeAustin71/datetimeopsgo/datetime/timedurationdto.go:4694.2,4694.12 1 1
github.com/MikeAustin71/datetimeopsgo/datetime/timedurationdto.go:4677.16,4682.3 1 0
github.com/MikeAustin71/datetimeopsgo/datetime/timedurationdto.go:4690.16,4692.3 1 0
github.com/MikeAustin71/datetimeopsgo/datetime/timedurationdto.go:4793.97,4797.53 2 1
github.com/MikeAustin71/datetimeopsgo/datetime/timedurationdto.go:4802.2,4807.16 4 1
github.com/MikeAustin71/datetimeopsgo/datetime/timedurationdto.go:4814.2,4816.16 2 1
github.com/MikeAustin71/datetimeopsgo/datetime/timedurationdto.go:4821.2,4831.16 6 1
github.com/MikeAustin71/datetimeopsgo/datetime/timedurationdto.go:4837.2,4837.12 1 1
github.com/MikeAustin71/datetimeopsgo/datetime/timedurationdto.go:4797.53,4800.3 1 0
github.com/MikeAustin71/datetimeopsgo/datetime/timedurationdto.go:4807.16,4812.3 1 0
github.com/MikeAustin71/datetimeopsgo/datetime/timedurationdto.go:4816.16,4819.3 1 0
github.com/MikeAustin71/datetimeopsgo/datetime/timedurationdto.go:4831.16,4835.3 2 0
github.com/MikeAustin71/datetimeopsgo/datetime/timedurationdto.go:4843.87,4847.18 2 1
github.com/MikeAustin71/datetimeopsgo/datetime/timedurationdto.go:4874.2,4875.67 1 0
github.com/MikeAustin71/datetimeopsgo/datetime/timedurationdto.go:4849.36,4850.35 1 1
github.com/MikeAustin71/datetimeopsgo/datetime/timedurationdto.go:4852.35,4853.34 1 1
github.com/MikeAustin71/datetimeopsgo/datetime/timedurationdto.go:4855.34,4856.33 1 1
github.com/MikeAustin71/datetimeopsgo/datetime/timedurationdto.go:4858.33,4859.32 1 1
github.com/MikeAustin71/datetimeopsgo/datetime/timedurationdto.go:4861.34,4862.33 1 1
github.com/MikeAustin71/datetimeopsgo/datetime/timedurationdto.go:4864.36,4865.35 1 0
github.com/MikeAustin71/datetimeopsgo/datetime/timedurationdto.go:4867.36,4868.35 1 1
github.com/MikeAustin71/datetimeopsgo/datetime/timedurationdto.go:4870.40,4871.39 1 0
github.com/MikeAustin71/datetimeopsgo/datetime/timedurationdto.go:4881.54,4891.13 5 1
github.com/MikeAustin71/datetimeopsgo/datetime/timedurationdto.go:4895.2,4895.26 1 1
github.com/MikeAustin71/datetimeopsgo/datetime/timedurationdto.go:4900.2,4902.16 2 1
github.com/MikeAustin71/datetimeopsgo/datetime/timedurationdto.go:4906.2,4908.16 2 1
github.com/MikeAustin71/datetimeopsgo/datetime/timedurationdto.go:4912.2,4914.16 2 1
github.com/MikeAustin71/datetimeopsgo/datetime/timedurationdto.go:4918.2,4918.12 1 1
github.com/MikeAustin71/datetimeopsgo/datetime/timedurationdto.go:4891.13,4893.3 1 0
github.com/MikeAustin71/datetimeopsgo/datetime/timedurationdto.go:4895.26,4898.3 2 1
github.com/MikeAustin71/datetimeopsgo/datetime/timedurationdto.go:4902.16,4904.3 1 0
github.com/MikeAustin71/datetimeopsgo/datetime/timedurationdto.go:4908.16,4910.3 1 0
github.com/MikeAustin71/datetimeopsgo/datetime/timedurationdto.go:4914.16,4916.3 1 0
github.com/MikeAustin71/datetimeopsgo/datetime/timedurationdto.go:4926.55,4934.28 4 1
github.com/MikeAustin71/datetimeopsgo/datetime/timedurationdto.go:4938.2,4940.16 2 1
github.com/MikeAustin71/datetimeopsgo/datetime/timedurationdto.go:4944.2,4946.16 2 1
github.com/MikeAustin71/datetimeopsgo/datetime/timedurationdto.go:4950.2,4952.16 2 1
github.com/MikeAustin71/datetimeopsgo/datetime/timedurationdto.go:4956.2,4956.12 1 1
github.com/MikeAustin71/datetimeopsgo/datetime/timedurationdto.go:4934.28,4936.3 1 0
github.com/MikeAustin71/datetimeopsgo/datetime/timedurationdto.go:4940.16,4942.3 1 0
github.com/MikeAustin71/datetimeopsgo/datetime/timedurationdto.go:4946.16,4948.3 1 0
github.com/MikeAustin71/datetimeopsgo/datetime/timedurationdto.go:4952.16,4954.3 1 0
github.com/MikeAustin71/datetimeopsgo/datetime/timedurationdto.go:4961.61,4970.13 5 0
github.com/MikeAustin71/datetimeopsgo/datetime/timedurationdto.go:4974.2,4974.36 1 0
github.com/MikeAustin71/datetimeopsgo/datetime/timedurationdto.go:4979.2,4981.16 2 0
github.com/MikeAustin71/datetimeopsgo/datetime/timedurationdto.go:4985.2,4987.16 2 0
github.com/MikeAustin71/datetimeopsgo/datetime/timedurationdto.go:4991.2,4993.16 2 0
github.com/MikeAustin71/datetimeopsgo/datetime/timedurationdto.go:4997.2,4999.16 2 0
github.com/MikeAustin71/datetimeopsgo/datetime/timedurationdto.go:5003.2,5005.16 2 0
github.com/MikeAustin71/datetimeopsgo/datetime/timedurationdto.go:5009.2,5009.12 1 0
github.com/MikeAustin71/datetimeopsgo/datetime/timedurationdto.go:4970.13,4972.3 1 0
github.com/MikeAustin71/datetimeopsgo/datetime/timedurationdto.go:4974.36,4977.3 2 0
github.com/MikeAustin71/datetimeopsgo/datetime/timedurationdto.go:4981.16,4983.3 1 0
github.com/MikeAustin71/datetimeopsgo/datetime/timedurationdto.go:4987.16,4989.3 1 0
github.com/MikeAustin71/datetimeopsgo/datetime/timedurationdto.go:4993.16,4995.3 1 0
github.com/MikeAustin71/datetimeopsgo/datetime/timedurationdto.go:4999.16,5001.3 1 0
github.com/MikeAustin71/datetimeopsgo/datetime/timedurationdto.go:5005.16,5007.3 1 0
github.com/MikeAustin71/datetimeopsgo/datetime/timedurationdto.go:5017.57,5025.28 4 0
github.com/MikeAustin71/datetimeopsgo/datetime/timedurationdto.go:5029.2,5031.29 2 0
github.com/MikeAustin71/datetimeopsgo/datetime/timedurationdto.go:5037.2,5037.29 1 0
github.com/MikeAustin71/datetimeopsgo/datetime/timedurationdto.go:5043.2,5043.34 1 0
github.com/MikeAustin71/datetimeopsgo/datetime/timedurationdto.go:5049.2,5049.34 1 0
github.com/MikeAustin71/datetimeopsgo/datetime/timedurationdto.go:5055.2,5059.16 3 0
github.com/MikeAustin71/datetimeopsgo/datetime/timedurationdto.go:5063.2,5063.12 1 0
github.com/MikeAustin71/datetimeopsgo/datetime/timedurationdto.go:5025.28,5027.3 1 0
github.com/MikeAustin71/datetimeopsgo/datetime/timedurationdto.go:5031.29,5035.3 3 0
github.com/MikeAustin71/datetimeopsgo/datetime/timedurationdto.go:5037.29,5041.3 3 0
github.com/MikeAustin71/datetimeopsgo/datetime/timedurationdto.go:5043.34,5047.3 3 0
github.com/MikeAustin71/datetimeopsgo/datetime/timedurationdto.go:5049.34,5053.3 3 0
github.com/MikeAustin71/datetimeopsgo/datetime/timedurationdto.go:5059.16,5061.3 1 0
github.com/MikeAustin71/datetimeopsgo/datetime/timedurationdto.go:5070.56,5080.16 5 1
github.com/MikeAustin71/datetimeopsgo/datetime/timedurationdto.go:5084.2,5086.16 2 1
github.com/MikeAustin71/datetimeopsgo/datetime/timedurationdto.go:5090.2,5092.16 2 1
github.com/MikeAustin71/datetimeopsgo/datetime/timedurationdto.go:5096.2,5098.16 2 1
github.com/MikeAustin71/datetimeopsgo/datetime/timedurationdto.go:5102.2,5104.16 2 1
github.com/MikeAustin71/datetimeopsgo/datetime/timedurationdto.go:5108.2,5108.12 1 1
github.com/MikeAustin71/datetimeopsgo/datetime/timedurationdto.go:5080.16,5082.3 1 0
github.com/MikeAustin71/datetimeopsgo/datetime/timedurationdto.go:5086.16,5088.3 1 0
github.com/MikeAustin71/datetimeopsgo/datetime/timedurationdto.go:5092.16,5094.3 1 0
github.com/MikeAustin71/datetimeopsgo/datetime/timedurationdto.go:5098.16,5100.3 1 0
github.com/MikeAustin71/datetimeopsgo/datetime/timedurationdto.go:5104.16,5106.3 1 0
github.com/MikeAustin71/datetimeopsgo/datetime/timedurationdto.go:5121.57,5129.13 4 1
github.com/MikeAustin71/datetimeopsgo/datetime/timedurationdto.go:5133.2,5133.29 1 1
github.com/MikeAustin71/datetimeopsgo/datetime/timedurationdto.go:5139.2,5139.34 1 1
github.com/MikeAustin71/datetimeopsgo/datetime/timedurationdto.go:5145.2,5145.34 1 1
github.com/MikeAustin71/datetimeopsgo/datetime/timedurationdto.go:5151.2,5153.12 2 1
github.com/MikeAustin71/datetimeopsgo/datetime/timedurationdto.go:5129.13,5131.3 1 0
github.com/MikeAustin71/datetimeopsgo/datetime/timedurationdto.go:5133.29,5137.3 3 1
github.com/MikeAustin71/datetimeopsgo/datetime/timedurationdto.go:5139.34,5143.3 3 0
github.com/MikeAustin71/datetimeopsgo/datetime/timedurationdto.go:5145.34,5149.3 3 0
github.com/MikeAustin71/datetimeopsgo/datetime/timedurationdto.go:5162.57,5172.16 5 1
github.com/MikeAustin71/datetimeopsgo/datetime/timedurationdto.go:5176.2,5178.16 2 1
github.com/MikeAustin71/datetimeopsgo/datetime/timedurationdto.go:5182.2,5184.16 2 1
github.com/MikeAustin71/datetimeopsgo/datetime/timedurationdto.go:5188.2,5190.16 2 1
github.com/MikeAustin71/datetimeopsgo/datetime/timedurationdto.go:5194.2,5196.16 2 1
github.com/MikeAustin71/datetimeopsgo/datetime/timedurationdto.go:5200.2,5202.16 2 1
github.com/MikeAustin71/datetimeopsgo/datetime/timedurationdto.go:5206.2,5206.12 1 1
github.com/MikeAustin71/datetimeopsgo/datetime/timedurationdto.go:5172.16,5174.3 1 0
github.com/MikeAustin71/datetimeopsgo/datetime/timedurationdto.go:5178.16,5180.3 1 0
github.com/MikeAustin71/datetimeopsgo/datetime/timedurationdto.go:5184.16,5186.3 1 0
github.com/MikeAustin71/datetimeopsgo/datetime/timedurationdto.go:5190.16,5192.3 1 0
github.com/MikeAustin71/datetimeopsgo/datetime/timedurationdto.go:5196.16,5198.3 1 0
github.com/MikeAustin71/datetimeopsgo/datetime/timedurationdto.go:5202.16,5204.3 1 0
github.com/MikeAustin71/datetimeopsgo/datetime/timedurationdto.go:5211.55,5221.27 5 1
github.com/MikeAustin71/datetimeopsgo/datetime/timedurationdto.go:5229.2,5229.26 1 1
github.com/MikeAustin71/datetimeopsgo/datetime/timedurationdto.go:5235.2,5241.16 5 1
github.com/MikeAustin71/datetimeopsgo/datetime/timedurationdto.go:5245.2,5247.16 2 1
github.com/MikeAustin71/datetimeopsgo/datetime/timedurationdto.go:5251.2,5253.16 2 1
github.com/MikeAustin71/datetimeopsgo/datetime/timedurationdto.go:5258.2,5261.12 3 1
github.com/MikeAustin71/datetimeopsgo/datetime/timedurationdto.go:5221.27,5227.3 3 1
github.com/MikeAustin71/datetimeopsgo/datetime/timedurationdto.go:5229.26,5233.3 3 1
github.com/MikeAustin71/datetimeopsgo/datetime/timedurationdto.go:5241.16,5243.3 1 0
github.com/MikeAustin71/datetimeopsgo/datetime/timedurationdto.go:5247.16,5249.3 1 0
github.com/MikeAustin71/datetimeopsgo/datetime/timedurationdto.go:5253.16,5255.3 1 0
github.com/MikeAustin71/datetimeopsgo/datetime/timedurationdto.go:5271.60,5280.31 6 1
github.com/MikeAustin71/datetimeopsgo/datetime/timedurationdto.go:5284.2,5284.66 1 1
github.com/MikeAustin71/datetimeopsgo/datetime/timedurationdto.go:5290.2,5294.35 3 1
github.com/MikeAustin71/datetimeopsgo/datetime/timedurationdto.go:5302.2,5304.11 2 1
github.com/MikeAustin71/datetimeopsgo/datetime/timedurationdto.go:5321.2,5324.12 3 1
github.com/MikeAustin71/datetimeopsgo/datetime/timedurationdto.go:5280.31,5282.3 1 0
github.com/MikeAustin71/datetimeopsgo/datetime/timedurationdto.go:5284.66,5288.3 1 0
github.com/MikeAustin71/datetimeopsgo/datetime/timedurationdto.go:5294.35,5300.3 2 1
github.com/MikeAustin71/datetimeopsgo/datetime/timedurationdto.go:5304.11,5314.3 4 1
github.com/MikeAustin71/datetimeopsgo/datetime/timedurationdto.go:5314.8,5319.3 2 1
github.com/MikeAustin71/datetimeopsgo/datetime/timedurationdto.go:5338.61,5345.31 4 1
github.com/MikeAustin71/datetimeopsgo/datetime/timedurationdto.go:5349.2,5349.66 1 1
github.com/MikeAustin71/datetimeopsgo/datetime/timedurationdto.go:5355.2,5357.13 2 1
github.com/MikeAustin71/datetimeopsgo/datetime/timedurationdto.go:5361.2,5369.34 5 1
github.com/MikeAustin71/datetimeopsgo/datetime/timedurationdto.go:5377.2,5379.11 2 1
github.com/MikeAustin71/datetimeopsgo/datetime/timedurationdto.go:5392.2,5392.12 1 1
github.com/MikeAustin71/datetimeopsgo/datetime/timedurationdto.go:5345.31,5347.3 1 0
github.com/MikeAustin71/datetimeopsgo/datetime/timedurationdto.go:5349.66,5353.3 1 0
github.com/MikeAustin71/datetimeopsgo/datetime/timedurationdto.go:5357.13,5359.3 1 1
github.com/MikeAustin71/datetimeopsgo/datetime/timedurationdto.go:5369.34,5375.3 2 1
github.com/MikeAustin71/datetimeopsgo/datetime/timedurationdto.go:5379.11,5387.3 3 1
github.com/MikeAustin71/datetimeopsgo/datetime/timedurationdto.go:5387.8,5390.3 2 1
github.com/MikeAustin71/datetimeopsgo/datetime/timedurationdto.go:5409.68,5413.13 2 1
github.com/MikeAustin71/datetimeopsgo/datetime/timedurationdto.go:5417.2,5423.26 4 1
github.com/MikeAustin71/datetimeopsgo/datetime/timedurationdto.go:5429.2,5434.23 5 1
github.com/MikeAustin71/datetimeopsgo/datetime/timedurationdto.go:5448.2,5448.12 1 1
github.com/MikeAustin71/datetimeopsgo/datetime/timedurationdto.go:5413.13,5415.3 1 1
github.com/MikeAustin71/datetimeopsgo/datetime/timedurationdto.go:5423.26,5426.3 2 1
github.com/MikeAustin71/datetimeopsgo/datetime/timedurationdto.go:5434.23,5436.25 1 1
github.com/MikeAustin71/datetimeopsgo/datetime/timedurationdto.go:5443.3,5444.57 2 1
github.com/MikeAustin71/datetimeopsgo/datetime/timedurationdto.go:5436.25,5441.4 2 1
github.com/MikeAustin71/datetimeopsgo/datetime/timedurationdto.go:5466.55,5470.13 2 1
github.com/MikeAustin71/datetimeopsgo/datetime/timedurationdto.go:5474.2,5474.23 1 1
github.com/MikeAustin71/datetimeopsgo/datetime/timedurationdto.go:5482.2,5489.27 7 1
github.com/MikeAustin71/datetimeopsgo/datetime/timedurationdto.go:5495.2,5495.29 1 1
github.com/MikeAustin71/datetimeopsgo/datetime/timedurationdto.go:5501.2,5501.29 1 1
github.com/MikeAustin71/datetimeopsgo/datetime/timedurationdto.go:5507.2,5507.12 1 1
github.com/MikeAustin71/datetimeopsgo/datetime/timedurationdto.go:5470.13,5472.3 1 1
github.com/MikeAustin71/datetimeopsgo/datetime/timedurationdto.go:5474.23,5477.3 1 1
github.com/MikeAustin71/datetimeopsgo/datetime/timedurationdto.go:5477.8,5480.3 1 1
github.com/MikeAustin71/datetimeopsgo/datetime/timedurationdto.go:5489.27,5493.3 3 1
github.com/MikeAustin71/datetimeopsgo/datetime/timedurationdto.go:5495.29,5499.3 3 1
github.com/MikeAustin71/datetimeopsgo/datetime/timedurationdto.go:5501.29,5505.3 3 1
github.com/MikeAustin71/datetimeopsgo/datetime/timedurationdto.go:5525.54,5529.13 2 1
github.com/MikeAustin71/datetimeopsgo/datetime/timedurationdto.go:5533.2,5535.31 2 1
github.com/MikeAustin71/datetimeopsgo/datetime/timedurationdto.go:5541.2,5550.34 7 1
github.com/MikeAustin71/datetimeopsgo/datetime/timedurationdto.go:5556.2,5556.34 1 1
github.com/MikeAustin71/datetimeopsgo/datetime/timedurationdto.go:5562.2,5564.12 2 1
github.com/MikeAustin71/datetimeopsgo/datetime/timedurationdto.go:5529.13,5531.3 1 1
github.com/MikeAustin71/datetimeopsgo/datetime/timedurationdto.go:5535.31,5537.3 1 1
github.com/MikeAustin71/datetimeopsgo/datetime/timedurationdto.go:5537.8,5539.3 1 1
github.com/MikeAustin71/datetimeopsgo/datetime/timedurationdto.go:5550.34,5554.3 3 1
github.com/MikeAustin71/datetimeopsgo/datetime/timedurationdto.go:5556.34,5560.3 3 1
github.com/MikeAustin71/datetimeopsgo/datetime/timedurationdto.go:5582.62,5586.13 2 1
github.com/MikeAustin71/datetimeopsgo/datetime/timedurationdto.go:5590.2,5597.32 6 1
github.com/MikeAustin71/datetimeopsgo/datetime/timedurationdto.go:5604.2,5613.12 8 1
github.com/MikeAustin71/datetimeopsgo/datetime/timedurationdto.go:5586.13,5588.3 1 1
github.com/MikeAustin71/datetimeopsgo/datetime/timedurationdto.go:5597.32,5600.3 2 1
github.com/MikeAustin71/datetimeopsgo/datetime/timedurationdto.go:5600.8,5602.3 1 1
github.com/MikeAustin71/datetimeopsgo/datetime/timedurationdto.go:5616.84,5618.30 1 1
github.com/MikeAustin71/datetimeopsgo/datetime/timedurationdto.go:5622.2,5622.23 1 1
github.com/MikeAustin71/datetimeopsgo/datetime/timedurationdto.go:5618.30,5620.3 1 0
github.com/MikeAustin71/datetimeopsgo/datetime/timedurationdto.go:5625.89,5627.32 1 1
github.com/MikeAustin71/datetimeopsgo/datetime/timedurationdto.go:5631.2,5631.50 1 1
github.com/MikeAustin71/datetimeopsgo/datetime/timedurationdto.go:5635.2,5635.25 1 1
github.com/MikeAustin71/datetimeopsgo/datetime/timedurationdto.go:5627.32,5629.3 1 0
github.com/MikeAustin71/datetimeopsgo/datetime/timedurationdto.go:5631.50,5633.3 1 1
github.com/MikeAustin71/datetimeopsgo/datetime/timezoneabbreviations.go:27.75,37.2 7 0
github.com/MikeAustin71/datetimeopsgo/datetime/timezoneabbreviations.go:43.89,47.22 2 0
github.com/MikeAustin71/datetimeopsgo/datetime/timezoneabbreviations.go:51.3,56.13 6 0
github.com/MikeAustin71/datetimeopsgo/datetime/timezoneabbreviations.go:47.22,49.54 1 0
github.com/MikeAustin71/datetimeopsgo/datetime/timezonedef.go:50.60,65.2 11 0
github.com/MikeAustin71/datetimeopsgo/datetime/timezonedef.go:69.55,86.2 12 1
github.com/MikeAustin71/datetimeopsgo/datetime/timezonedef.go:90.38,102.2 10 1
github.com/MikeAustin71/datetimeopsgo/datetime/timezonedef.go:107.64,118.43 1 1
github.com/MikeAustin71/datetimeopsgo/datetime/timezonedef.go:122.2,122.14 1 1
github.com/MikeAustin71/datetimeopsgo/datetime/timezonedef.go:118.43,120.3 1 1
github.com/MikeAustin71/datetimeopsgo/datetime/timezonedef.go:131.77,133.57 1 0
github.com/MikeAustin71/datetimeopsgo/datetime/timezonedef.go:137.2,137.14 1 0
github.com/MikeAustin71/datetimeopsgo/datetime/timezonedef.go:133.57,135.3 1 0
github.com/MikeAustin71/datetimeopsgo/datetime/timezonedef.go:147.69,149.43 1 0
github.com/MikeAustin71/datetimeopsgo/datetime/timezonedef.go:153.2,153.14 1 0
github.com/MikeAustin71/datetimeopsgo/datetime/timezonedef.go:149.43,151.3 1 0
github.com/MikeAustin71/datetimeopsgo/datetime/timezonedef.go:165.73,167.47 1 0
github.com/MikeAustin71/datetimeopsgo/datetime/timezonedef.go:171.2,171.14 1 0
github.com/MikeAustin71/datetimeopsgo/datetime/timezonedef.go:167.47,169.3 1 0
github.com/MikeAustin71/datetimeopsgo/datetime/timezonedef.go:177.76,179.69 1 0
github.com/MikeAustin71/datetimeopsgo/datetime/timezonedef.go:183.2,183.14 1 0
github.com/MikeAustin71/datetimeopsgo/datetime/timezonedef.go:179.69,181.3 1 0
github.com/MikeAustin71/datetimeopsgo/datetime/timezonedef.go:193.45,202.28 1 1
github.com/MikeAustin71/datetimeopsgo/datetime/timezonedef.go:206.2,206.13 1 1
github.com/MikeAustin71/datetimeopsgo/datetime/timezonedef.go:202.28,204.3 1 1
github.com/MikeAustin71/datetimeopsgo/datetime/timezonedef.go:215.45,217.21 1 1
github.com/MikeAustin71/datetimeopsgo/datetime/timezonedef.go:221.2,221.77 1 0
github.com/MikeAustin71/datetimeopsgo/datetime/timezonedef.go:225.2,225.51 1 0
github.com/MikeAustin71/datetimeopsgo/datetime/timezonedef.go:229.2,231.16 2 0
github.com/MikeAustin71/datetimeopsgo/datetime/timezonedef.go:235.2,235.27 1 0
github.com/MikeAustin71/datetimeopsgo/datetime/timezonedef.go:239.2,239.13 1 0
github.com/MikeAustin71/datetimeopsgo/datetime/timezonedef.go:217.21,219.3 1 1
github.com/MikeAustin71/datetimeopsgo/datetime/timezonedef.go:221.77,223.3 1 0
github.com/MikeAustin71/datetimeopsgo/datetime/timezonedef.go:225.51,227.3 1 0
[...]
github.com/MikeAustin71/datetimeopsgo/datetime/timezonedata.go:2089.47,2089.68 1 0
github.com/MikeAustin71/datetimeopsgo/datetime/timezonedata.go:2102.47,2102.69 1 0
github.com/MikeAustin71/datetimeopsgo/datetime/timezonedata.go:2115.47,2115.69 1 0
github.com/MikeAustin71/datetimeopsgo/datetime/timezonedata.go:2128.47,2128.69 1 0
github.com/MikeAustin71/datetimeopsgo/datetime/timezonedata.go:2141.47,2141.69 1 0
github.com/MikeAustin71/datetimeopsgo/datetime/timezonedata.go:2154.47,2154.69 1 0
github.com/MikeAustin71/datetimeopsgo/datetime/timezonedata.go:2162.42,2162.62 1 0
github.com/MikeAustin71/datetimeopsgo/datetime/timezonedata.go:2170.46,2170.71 1 0
github.com/MikeAustin71/datetimeopsgo/datetime/timezonedata.go:2178.40,2178.59 1 0
github.com/MikeAustin71/datetimeopsgo/datetime/timezonedata.go:2186.46,2186.71 1 0
github.com/MikeAustin71/datetimeopsgo/datetime/timezonedata.go:2194.40,2194.59 1 0
github.com/MikeAustin71/datetimeopsgo/datetime/timezonedata.go:2202.41,2202.61 1 0
github.com/MikeAustin71/datetimeopsgo/datetime/timezonedata.go:2219.49,2219.77 1 0
github.com/MikeAustin71/datetimeopsgo/datetime/timezonedata.go:2223.47,2223.73 1 0
github.com/MikeAustin71/datetimeopsgo/datetime/timezonedata.go:2227.49,2227.77 1 0
github.com/MikeAustin71/datetimeopsgo/datetime/timezonedata.go:2231.46,2231.71 1 0
github.com/MikeAustin71/datetimeopsgo/datetime/timezonedata.go:2235.47,2235.73 1 0
github.com/MikeAustin71/datetimeopsgo/datetime/timezonedata.go:2239.48,2239.75 1 0
github.com/MikeAustin71/datetimeopsgo/datetime/timezonedata.go:2243.46,2243.71 1 0
github.com/MikeAustin71/datetimeopsgo/datetime/timezonedata.go:2247.50,2247.79 1 0
github.com/MikeAustin71/datetimeopsgo/datetime/timezonedata.go:2251.48,2251.75 1 0
github.com/MikeAustin71/datetimeopsgo/datetime/timezonedata.go:2255.49,2255.77 1 0
github.com/MikeAustin71/datetimeopsgo/datetime/timezonedata.go:2259.48,2259.75 1 0
github.com/MikeAustin71/datetimeopsgo/datetime/timezonedata.go:2263.48,2263.75 1 0
github.com/MikeAustin71/datetimeopsgo/datetime/timezonedata.go:2267.48,2267.75 1 0
github.com/MikeAustin71/datetimeopsgo/datetime/timezonedata.go:2271.50,2271.79 1 0
github.com/MikeAustin71/datetimeopsgo/datetime/timezonedata.go:2275.46,2275.71 1 0
github.com/MikeAustin71/datetimeopsgo/datetime/timezonedata.go:2279.49,2279.77 1 0
github.com/MikeAustin71/datetimeopsgo/datetime/timezonedata.go:2283.48,2283.75 1 0
github.com/MikeAustin71/datetimeopsgo/datetime/timezonedata.go:2287.48,2287.75 1 0
github.com/MikeAustin71/datetimeopsgo/datetime/timezonedata.go:2291.51,2291.81 1 0
github.com/MikeAustin71/datetimeopsgo/datetime/timezonedata.go:2295.48,2295.75 1 0
github.com/MikeAustin71/datetimeopsgo/datetime/timezonedata.go:2299.46,2299.71 1 0
github.com/MikeAustin71/datetimeopsgo/datetime/timezonedata.go:2303.51,2303.81 1 0
github.com/MikeAustin71/datetimeopsgo/datetime/timezonedata.go:2307.44,2307.67 1 0
github.com/MikeAustin71/datetimeopsgo/datetime/timezonedata.go:2311.45,2311.69 1 0
github.com/MikeAustin71/datetimeopsgo/datetime/timezonedata.go:2315.46,2315.71 1 0
github.com/MikeAustin71/datetimeopsgo/datetime/timezonedata.go:2319.49,2319.77 1 0
github.com/MikeAustin71/datetimeopsgo/datetime/timezonedata.go:2323.46,2323.71 1 1
github.com/MikeAustin71/datetimeopsgo/datetime/timezonedata.go:2327.50,2327.79 1 0
github.com/MikeAustin71/datetimeopsgo/datetime/timezonedata.go:2331.46,2331.71 1 0
github.com/MikeAustin71/datetimeopsgo/datetime/timezonedata.go:2335.45,2335.69 1 0
github.com/MikeAustin71/datetimeopsgo/datetime/timezonedata.go:2339.49,2339.77 1 0
github.com/MikeAustin71/datetimeopsgo/datetime/timezonedata.go:2343.45,2343.69 1 0
github.com/MikeAustin71/datetimeopsgo/datetime/timezonedata.go:2347.46,2347.71 1 0
github.com/MikeAustin71/datetimeopsgo/datetime/timezonedata.go:2351.46,2351.71 1 1
github.com/MikeAustin71/datetimeopsgo/datetime/timezonedata.go:2355.47,2355.73 1 0
github.com/MikeAustin71/datetimeopsgo/datetime/timezonedata.go:2359.44,2359.67 1 0
github.com/MikeAustin71/datetimeopsgo/datetime/timezonedata.go:2363.45,2363.69 1 1
github.com/MikeAustin71/datetimeopsgo/datetime/timezonedata.go:2367.49,2367.77 1 0
github.com/MikeAustin71/datetimeopsgo/datetime/timezonedata.go:2371.46,2371.71 1 0
github.com/MikeAustin71/datetimeopsgo/datetime/timezonedata.go:2375.44,2375.67 1 0
github.com/MikeAustin71/datetimeopsgo/datetime/timezonedata.go:2379.44,2379.67 1 0
github.com/MikeAustin71/datetimeopsgo/datetime/timezonedata.go:2383.46,2383.71 1 0
github.com/MikeAustin71/datetimeopsgo/datetime/timezonedata.go:2387.50,2387.79 1 0
github.com/MikeAustin71/datetimeopsgo/datetime/timezonedata.go:2391.48,2391.75 1 0
github.com/MikeAustin71/datetimeopsgo/datetime/timezonedata.go:2395.47,2395.73 1 0
github.com/MikeAustin71/datetimeopsgo/datetime/timezonedata.go:2399.50,2399.79 1 0
github.com/MikeAustin71/datetimeopsgo/datetime/timezonedata.go:2403.46,2403.71 1 0
github.com/MikeAustin71/datetimeopsgo/datetime/timezonedata.go:2407.45,2407.69 1 0
github.com/MikeAustin71/datetimeopsgo/datetime/timezonedata.go:2411.49,2411.77 1 0
github.com/MikeAustin71/datetimeopsgo/datetime/timezonedata.go:2415.47,2415.73 1 0
github.com/MikeAustin71/datetimeopsgo/datetime/timezonedata.go:2419.46,2419.71 1 0
github.com/MikeAustin71/datetimeopsgo/datetime/timezonedata.go:2423.48,2423.75 1 0
github.com/MikeAustin71/datetimeopsgo/datetime/timezonedata.go:2427.49,2427.77 1 0
github.com/MikeAustin71/datetimeopsgo/datetime/timezonedata.go:2431.48,2431.75 1 0
github.com/MikeAustin71/datetimeopsgo/datetime/timezonedata.go:2435.45,2435.69 1 0
github.com/MikeAustin71/datetimeopsgo/datetime/timezonedata.go:2439.47,2439.73 1 0
github.com/MikeAustin71/datetimeopsgo/datetime/timezonedata.go:2443.46,2443.71 1 0
github.com/MikeAustin71/datetimeopsgo/datetime/timezonedata.go:2447.47,2447.73 1 0
github.com/MikeAustin71/datetimeopsgo/datetime/timezonedata.go:2451.49,2451.77 1 0
github.com/MikeAustin71/datetimeopsgo/datetime/timezonedata.go:2455.46,2455.71 1 0
github.com/MikeAustin71/datetimeopsgo/datetime/timezonedata.go:2459.46,2459.71 1 0
github.com/MikeAustin71/datetimeopsgo/datetime/timezonedata.go:2463.50,2463.79 1 0
github.com/MikeAustin71/datetimeopsgo/datetime/timezonedata.go:2467.46,2467.71 1 0
github.com/MikeAustin71/datetimeopsgo/datetime/timezonedata.go:2484.52,2484.83 1 0
github.com/MikeAustin71/datetimeopsgo/datetime/timezonedata.go:2488.46,2488.71 1 0
github.com/MikeAustin71/datetimeopsgo/datetime/timezonedata.go:2492.49,2492.77 1 0
github.com/MikeAustin71/datetimeopsgo/datetime/timezonedata.go:2496.45,2496.69 1 0
github.com/MikeAustin71/datetimeopsgo/datetime/timezonedata.go:2500.46,2500.71 1 0
github.com/MikeAustin71/datetimeopsgo/datetime/timezonedata.go:2504.49,2504.77 1 0
github.com/MikeAustin71/datetimeopsgo/datetime/timezonedata.go:2508.44,2508.67 1 0
github.com/MikeAustin71/datetimeopsgo/datetime/timezonedata.go:2512.48,2512.75 1 0
github.com/MikeAustin71/datetimeopsgo/datetime/timezonedata.go:2516.49,2516.77 1 0
github.com/MikeAustin71/datetimeopsgo/datetime/timezonedata.go:2520.47,2520.73 1 0
github.com/MikeAustin71/datetimeopsgo/datetime/timezonedata.go:2524.47,2524.73 1 0
github.com/MikeAustin71/datetimeopsgo/datetime/timezonedata.go:2541.49,2541.77 1 0
github.com/MikeAustin71/datetimeopsgo/datetime/timezonedata.go:2545.47,2545.73 1 0
github.com/MikeAustin71/datetimeopsgo/datetime/timezonedata.go:2549.47,2549.73 1 0
github.com/MikeAustin71/datetimeopsgo/datetime/timezonedata.go:2669.47,2669.68 1 1
github.com/MikeAustin71/datetimeopsgo/datetime/timezonedata.go:2693.47,2693.68 1 1
github.com/MikeAustin71/datetimeopsgo/datetime/timezonedata.go:2718.49,2718.70 1 1
github.com/MikeAustin71/datetimeopsgo/datetime/timezonedata.go:2743.47,2743.68 1 1
github.com/MikeAustin71/datetimeopsgo/datetime/timezonedata.go:2768.46,2768.67 1 1
github.com/MikeAustin71/datetimeopsgo/datetime/timezonedata.go:2792.49,2792.70 1 1
github.com/MikeAustin71/datetimeopsgo/datetime/timezonedata.go:2816.46,2816.67 1 1
github.com/MikeAustin71/datetimeopsgo/datetime/timezonedata.go:2840.47,2840.68 1 1
github.com/MikeAustin71/datetimeopsgo/datetime/timezonedata.go:2864.47,2864.68 1 1
github.com/MikeAustin71/datetimeopsgo/datetime/timezonedata.go:2888.46,2888.68 1 1
github.com/MikeAustin71/datetimeopsgo/datetime/timezonedata.go:2912.46,2912.68 1 1
github.com/MikeAustin71/datetimeopsgo/datetime/timezonedata.go:2936.46,2936.68 1 1
github.com/MikeAustin71/datetimeopsgo/datetime/timezonedata.go:2960.50,2960.71 1 1
github.com/MikeAustin71/datetimeopsgo/datetime/timezonedata.go:2984.47,2984.68 1 1
github.com/MikeAustin71/datetimeopsgo/datetime/timezonedata.go:3008.46,3008.67 1 1
github.com/MikeAustin71/datetimeopsgo/datetime/timezonedata.go:3032.48,3032.69 1 1
github.com/MikeAustin71/datetimeopsgo/datetime/timezonedata.go:3056.47,3056.68 1 1
github.com/MikeAustin71/datetimeopsgo/datetime/timezonedata.go:3080.48,3080.69 1 1
github.com/MikeAustin71/datetimeopsgo/datetime/timezonedata.go:3104.47,3104.68 1 1
github.com/MikeAustin71/datetimeopsgo/datetime/timezonedata.go:3128.49,3128.70 1 1
github.com/MikeAustin71/datetimeopsgo/datetime/timezonedata.go:3152.48,3152.69 1 1
github.com/MikeAustin71/datetimeopsgo/datetime/timezonedata.go:3176.49,3176.71 1 1
github.com/MikeAustin71/datetimeopsgo/datetime/timezonedata.go:3200.46,3200.68 1 1
github.com/MikeAustin71/datetimeopsgo/datetime/timezonedata.go:3224.48,3224.70 1 1
github.com/MikeAustin71/datetimeopsgo/datetime/timezonedata.go:3242.46,3242.61 1 1
github.com/MikeAustin71/datetimeopsgo/datetime/timezonedata.go:3264.42,3264.57 1 0
github.com/MikeAustin71/datetimeopsgo/datetime/timezonedata.go:3268.47,3268.66 1 0
github.com/MikeAustin71/datetimeopsgo/datetime/timezonedata.go:3272.43,3272.59 1 0
github.com/MikeAustin71/datetimeopsgo/datetime/timezonedata.go:3276.42,3276.57 1 0
github.com/MikeAustin71/datetimeopsgo/datetime/timezonedata.go:3280.44,3280.61 1 0
github.com/MikeAustin71/datetimeopsgo/datetime/timezonedata.go:3284.43,3284.59 1 0
github.com/MikeAustin71/datetimeopsgo/datetime/timezonedata.go:3288.42,3288.57 1 0
github.com/MikeAustin71/datetimeopsgo/datetime/timezonedata.go:3292.47,3292.66 1 0
github.com/MikeAustin71/datetimeopsgo/datetime/timezonedata.go:3296.46,3296.65 1 0
github.com/MikeAustin71/datetimeopsgo/datetime/timezonedata.go:3300.41,3300.55 1 0
github.com/MikeAustin71/datetimeopsgo/datetime/timezonedata.go:3304.50,3304.69 1 0
github.com/MikeAustin71/datetimeopsgo/datetime/timezonedata.go:3308.42,3308.57 1 0
github.com/MikeAustin71/datetimeopsgo/datetime/timezonedata.go:3312.48,3312.65 1 0
github.com/MikeAustin71/datetimeopsgo/datetime/timezonedata.go:3316.49,3316.66 1 0
github.com/MikeAustin71/datetimeopsgo/datetime/timezonedata.go:3320.44,3320.60 1 0
github.com/MikeAustin71/datetimeopsgo/datetime/timezonedata.go:3324.48,3324.69 1 0
github.com/MikeAustin71/datetimeopsgo/datetime/timezonedata.go:3328.47,3328.67 1 0
github.com/MikeAustin71/datetimeopsgo/datetime/timezonedata.go:3332.42,3332.57 1 0
github.com/MikeAustin71/datetimeopsgo/datetime/timezonedata.go:3336.46,3336.65 1 0
github.com/MikeAustin71/datetimeopsgo/datetime/timezonedata.go:3340.43,3340.59 1 0
github.com/MikeAustin71/datetimeopsgo/datetime/timezonedata.go:3344.45,3344.63 1 0
github.com/MikeAustin71/datetimeopsgo/datetime/timezonedata.go:3348.46,3348.65 1 0
github.com/MikeAustin71/datetimeopsgo/datetime/timezonedata.go:3352.44,3352.61 1 0
github.com/MikeAustin71/datetimeopsgo/datetime/timezonedata.go:3356.48,3356.69 1 0
github.com/MikeAustin71/datetimeopsgo/datetime/timezonedata.go:3360.44,3360.61 1 0
github.com/MikeAustin71/datetimeopsgo/datetime/timezonedata.go:3364.42,3364.57 1 0
github.com/MikeAustin71/datetimeopsgo/datetime/timezonedata.go:3368.42,3368.57 1 0
github.com/MikeAustin71/datetimeopsgo/datetime/timezonedata.go:3372.47,3372.66 1 0
github.com/MikeAustin71/datetimeopsgo/datetime/timezonedata.go:3376.45,3376.63 1 0
github.com/MikeAustin71/datetimeopsgo/datetime/timezonedata.go:3380.41,3380.55 1 0
github.com/MikeAustin71/datetimeopsgo/datetime/timezonedata.go:3384.50,3384.69 1 0
github.com/MikeAustin71/datetimeopsgo/datetime/timezonedata.go:3388.45,3388.63 1 0
github.com/MikeAustin71/datetimeopsgo/datetime/timezonedata.go:3392.47,3392.67 1 0
github.com/MikeAustin71/datetimeopsgo/datetime/timezonedata.go:3396.42,3396.57 1 0
github.com/MikeAustin71/datetimeopsgo/datetime/timezonedata.go:3400.47,3400.66 1 0
github.com/MikeAustin71/datetimeopsgo/datetime/timezonedata.go:3404.42,3404.57 1 0
github.com/MikeAustin71/datetimeopsgo/datetime/timezonedata.go:3408.42,3408.57 1 0
github.com/MikeAustin71/datetimeopsgo/datetime/timezonedata.go:3412.48,3412.69 1 0
github.com/MikeAustin71/datetimeopsgo/datetime/timezonedata.go:3416.45,3416.63 1 0
github.com/MikeAustin71/datetimeopsgo/datetime/timezonedata.go:3420.42,3420.57 1 0
github.com/MikeAustin71/datetimeopsgo/datetime/timezonedata.go:3424.48,3424.69 1 0
github.com/MikeAustin71/datetimeopsgo/datetime/timezonedata.go:3428.42,3428.57 1 1
github.com/MikeAustin71/datetimeopsgo/datetime/timezonedata.go:3432.47,3432.63 1 0
github.com/MikeAustin71/datetimeopsgo/datetime/timezonedata.go:3436.42,3436.57 1 0
github.com/MikeAustin71/datetimeopsgo/datetime/timezonedata.go:3440.43,3440.59 1 0
github.com/MikeAustin71/datetimeopsgo/datetime/timezonedata.go:3457.45,3457.69 1 0
github.com/MikeAustin71/datetimeopsgo/datetime/timezonedata.go:3461.49,3461.77 1 0
github.com/MikeAustin71/datetimeopsgo/datetime/timezonedata.go:3465.53,3465.85 1 0
github.com/MikeAustin71/datetimeopsgo/datetime/timezonedata.go:3469.48,3469.75 1 0
github.com/MikeAustin71/datetimeopsgo/datetime/timezonedata.go:3473.46,3473.71 1 0
github.com/MikeAustin71/datetimeopsgo/datetime/timezonedata.go:3477.47,3477.73 1 0
github.com/MikeAustin71/datetimeopsgo/datetime/timezonedata.go:3481.46,3481.71 1 0
github.com/MikeAustin71/datetimeopsgo/datetime/timezonedata.go:3485.50,3485.79 1 0
github.com/MikeAustin71/datetimeopsgo/datetime/timezonedata.go:3489.48,3489.75 1 0
github.com/MikeAustin71/datetimeopsgo/datetime/timezonedata.go:3493.45,3493.69 1 0
github.com/MikeAustin71/datetimeopsgo/datetime/timezonedata.go:3497.49,3497.77 1 0
github.com/MikeAustin71/datetimeopsgo/datetime/timezonedata.go:3501.50,3501.79 1 0
github.com/MikeAustin71/datetimeopsgo/datetime/timezonedata.go:3505.48,3505.75 1 0
github.com/MikeAustin71/datetimeopsgo/datetime/timezonedata.go:3509.52,3509.83 1 0
github.com/MikeAustin71/datetimeopsgo/datetime/timezonedata.go:3513.45,3513.69 1 0
github.com/MikeAustin71/datetimeopsgo/datetime/timezonedata.go:3517.49,3517.77 1 0
github.com/MikeAustin71/datetimeopsgo/datetime/timezonedata.go:3521.49,3521.77 1 0
github.com/MikeAustin71/datetimeopsgo/datetime/timezonedata.go:3525.51,3525.81 1 0
github.com/MikeAustin71/datetimeopsgo/datetime/timezonedata.go:3529.47,3529.73 1 0
github.com/MikeAustin71/datetimeopsgo/datetime/timezonedata.go:3533.50,3533.79 1 0
github.com/MikeAustin71/datetimeopsgo/datetime/timezonedata.go:3537.47,3537.73 1 0
github.com/MikeAustin71/datetimeopsgo/datetime/timezonedata.go:3541.50,3541.79 1 0
github.com/MikeAustin71/datetimeopsgo/datetime/timezonedata.go:3545.47,3545.73 1 0
github.com/MikeAustin71/datetimeopsgo/datetime/timezonedata.go:3549.46,3549.71 1 0
github.com/MikeAustin71/datetimeopsgo/datetime/timezonedata.go:3553.45,3553.69 1 0
github.com/MikeAustin71/datetimeopsgo/datetime/timezonedata.go:3557.48,3557.75 1 0
github.com/MikeAustin71/datetimeopsgo/datetime/timezonedata.go:3561.47,3561.73 1 0
github.com/MikeAustin71/datetimeopsgo/datetime/timezonedata.go:3565.50,3565.79 1 0
github.com/MikeAustin71/datetimeopsgo/datetime/timezonedata.go:3569.46,3569.71 1 0
github.com/MikeAustin71/datetimeopsgo/datetime/timezonedata.go:3573.49,3573.77 1 0
github.com/MikeAustin71/datetimeopsgo/datetime/timezonedata.go:3577.48,3577.75 1 0
github.com/MikeAustin71/datetimeopsgo/datetime/timezonedata.go:3581.47,3581.73 1 0
github.com/MikeAustin71/datetimeopsgo/datetime/timezonedata.go:3585.53,3585.85 1 0
github.com/MikeAustin71/datetimeopsgo/datetime/timezonedata.go:3589.50,3589.79 1 0
github.com/MikeAustin71/datetimeopsgo/datetime/timezonedata.go:3593.47,3593.73 1 0
github.com/MikeAustin71/datetimeopsgo/datetime/timezonedata.go:3597.46,3597.71 1 0
github.com/MikeAustin71/datetimeopsgo/datetime/timezonedata.go:3601.47,3601.73 1 0
github.com/MikeAustin71/datetimeopsgo/datetime/timezonedata.go:3605.47,3605.73 1 0
github.com/MikeAustin71/datetimeopsgo/datetime/timezonedata.go:3609.50,3609.79 1 0
github.com/MikeAustin71/datetimeopsgo/datetime/timezonedata.go:3613.45,3613.69 1 0
github.com/MikeAustin71/datetimeopsgo/datetime/timezonedata.go:3617.45,3617.69 1 0
github.com/MikeAustin71/datetimeopsgo/datetime/timezonedata.go:3621.47,3621.73 1 0
github.com/MikeAustin71/datetimeopsgo/datetime/timezonedata.go:3625.44,3625.67 1 0
github.com/MikeAustin71/datetimeopsgo/datetime/timezonedata.go:3642.42,3642.63 1 0
github.com/MikeAustin71/datetimeopsgo/datetime/timezonedata.go:3646.44,3646.67 1 0
github.com/MikeAustin71/datetimeopsgo/datetime/timezonedata.go:3650.43,3650.65 1 0
github.com/MikeAustin71/datetimeopsgo/datetime/timezonedata.go:3654.43,3654.65 1 1
github.com/MikeAustin71/datetimeopsgo/datetime/timezonedata.go:3658.52,3658.79 1 0
github.com/MikeAustin71/datetimeopsgo/datetime/timezonedata.go:3662.43,3662.65 1 1
github.com/MikeAustin71/datetimeopsgo/datetime/timezonedata.go:3666.42,3666.63 1 1
github.com/MikeAustin71/datetimeopsgo/datetime/timezonedata.go:3670.54,3670.83 1 0
github.com/MikeAustin71/datetimeopsgo/datetime/timezonedata.go:3674.44,3674.67 1 0
github.com/MikeAustin71/datetimeopsgo/datetime/timezonedata.go:3678.44,3678.67 1 1
github.com/MikeAustin71/datetimeopsgo/datetime/timezonedata.go:3682.43,3682.65 1 1
github.com/MikeAustin71/datetimeopsgo/datetime/timezonedata.go:3686.41,3686.61 1 0
github.com/MikeAustin71/datetimeopsgo/datetime/timezonedata.go:3706.55,3706.97 1 0
github.com/MikeAustin71/datetimeopsgo/datetime/timezonedata.go:3710.52,3710.91 1 0
github.com/MikeAustin71/datetimeopsgo/datetime/timezonedata.go:3714.57,3714.101 1 0
github.com/MikeAustin71/datetimeopsgo/datetime/timezonedata.go:3718.50,3718.87 1 0
github.com/MikeAustin71/datetimeopsgo/datetime/timezonedata.go:3722.48,3722.83 1 0
github.com/MikeAustin71/datetimeopsgo/datetime/timezonedata.go:3726.51,3726.89 1 0
github.com/MikeAustin71/datetimeopsgo/datetime/timezonedata.go:3730.50,3730.87 1 0
github.com/MikeAustin71/datetimeopsgo/datetime/timezonedata.go:3734.55,3734.97 1 0
github.com/MikeAustin71/datetimeopsgo/datetime/timezonedata.go:3738.48,3738.83 1 0
github.com/MikeAustin71/datetimeopsgo/datetime/timezonedata.go:3742.51,3742.89 1 0
github.com/MikeAustin71/datetimeopsgo/datetime/timezonedata.go:3746.51,3746.89 1 0
github.com/MikeAustin71/datetimeopsgo/datetime/timezonedata.go:3750.50,3750.87 1 0
github.com/MikeAustin71/datetimeopsgo/datetime/timezonedata.go:3754.50,3754.87 1 0
github.com/MikeAustin71/datetimeopsgo/datetime/timezonedata.go:3774.53,3774.93 1 0
github.com/MikeAustin71/datetimeopsgo/datetime/timezonedata.go:3778.45,3778.77 1 0
github.com/MikeAustin71/datetimeopsgo/datetime/timezonedata.go:3782.48,3782.83 1 0
github.com/MikeAustin71/datetimeopsgo/datetime/timezonedata.go:3786.51,3786.89 1 0
github.com/MikeAustin71/datetimeopsgo/datetime/timezonedata.go:3790.50,3790.87 1 0
github.com/MikeAustin71/datetimeopsgo/datetime/timezonedata.go:3794.46,3794.79 1 0
github.com/MikeAustin71/datetimeopsgo/datetime/timezonedata.go:3798.50,3798.87 1 0
github.com/MikeAustin71/datetimeopsgo/datetime/timezonedata.go:3802.48,3802.83 1 0
github.com/MikeAustin71/datetimeopsgo/datetime/timezonedata.go:3822.52,3822.91 1 0
github.com/MikeAustin71/datetimeopsgo/datetime/timezonedata.go:3826.52,3826.91 1 0
github.com/MikeAustin71/datetimeopsgo/datetime/timezonedata.go:3846.52,3846.91 1 0
github.com/MikeAustin71/datetimeopsgo/datetime/timezonedata.go:3850.52,3850.91 1 0
github.com/MikeAustin71/datetimeopsgo/datetime/timezonedata.go:3854.55,3854.97 1 0
